--------------------------------------------------------------------------------
 Project integration - START (2023-06-21 09:26:38) 
--------------------------------------------------------------------------------
FE snapshot name: DxD
BE snapshot name: MIB_Module_layout_temp
Top level block: (2-1-5)
Parameters: BAConnectivity,BAConstraints,FEWin,
--------------------------------------------------------------------------------
--------------------------------------------------------------------------------
 Connection synchronization - START (2023-06-21 09:26:38) 
--------------------------------------------------------------------------------
[Ok][Modification] - [BE->FE] [P: Block,MIB_FPGA_Module,(2-1-5)] [O: FlatComp,SS15-TPCT-ND.1,(108-1-8)]
	Property: Cell Name, Operation: Change
[Ok][Modification] - [BE->FE] [P: Block,MIB_FPGA_Module,(2-1-5)] [O: FlatComp,ADP1741ACPZ-R7.1,(162-1-8)]
	Property: Cell Name, Operation: Change
[Ok][Modification] - [BE->FE] [P: Block,MIB_FPGA_Module,(2-1-5)] [O: FlatComp,Bead_inductor.1,(239-1-8)]
	Property: Cell Name, Operation: Change
[Ok][Modification] - [BE->FE] [P: Block,MIB_FPGA_Module,(2-1-5)] [O: FlatComp,TPS6283810YFPR.1,(386-1-8)]
	Property: Cell Name, Operation: Change
[Ok][Modification] - [BE->FE] [P: Block,MIB_FPGA_Module,(2-1-5)] [O: FlatComp,header2x1.1,(474-1-8)]
	Property: Cell Name, Operation: Change
[Ok][Modification] - [BE->FE] [P: Block,MIB_FPGA_Module,(2-1-5)] [O: FlatComp,cap.1,(575-1-8)]
	Property: Cell Name, Operation: Change
[Ok][Modification] - [BE->FE] [P: Block,MIB_FPGA_Module,(2-1-5)] [O: FlatComp,lvds_osc_125mhz_gen.1,(1239-1-8)]
	Property: Cell Name, Operation: Change
[Ok][Modification] - [BE->FE] [P: Block,MIB_FPGA_Module,(2-1-5)] [O: FlatComp,XC7A100T-2FGG484C-A.1,(23-2-8)]
	Property: Cell Name, Operation: Change
[Ok][Modification] - [BE->FE] [P: Block,MIB_FPGA_Module,(2-1-5)] [O: FlatComp,cap.1,(85-2-8)]
	Property: Cell Name, Operation: Change
[Ok][Modification] - [BE->FE] [P: Block,MIB_FPGA_Module,(2-1-5)] [O: FlatComp,Bead_inductor.1,(108-2-8)]
	Property: Cell Name, Operation: Change
[Ok][Modification] - [BE->FE] [P: Block,MIB_FPGA_Module,(2-1-5)] [O: FlatComp,res.1,(474-2-8)]
	Property: Cell Name, Operation: Change
[Ok][Modification] - [BE->FE] [P: Block,MIB_FPGA_Module,(2-1-5)] [O: FlatComp,cap.1,(575-2-8)]
	Property: Cell Name, Operation: Change
[Ok][Modification] - [BE->FE] [P: Block,MIB_FPGA_Module,(2-1-5)] [O: FlatComp,DS04-254-2-03BK-SMT.1,(695-2-8)]
	Property: Cell Name, Operation: Change
[Ok][Modification] - [BE->FE] [P: Block,MIB_FPGA_Module,(2-1-5)] [O: FlatComp,cap.1,(85-3-8)]
	Property: Cell Name, Operation: Change
[Ok][Modification] - [BE->FE] [P: Block,MIB_FPGA_Module,(2-1-5)] [O: FlatComp,cap.1,(162-3-8)]
	Property: Cell Name, Operation: Change
[Ok][Modification] - [BE->FE] [P: Block,MIB_FPGA_Module,(2-1-5)] [O: FlatComp,res.1,(575-3-8)]
	Property: Cell Name, Operation: Change
[Ok][Modification] - [BE->FE] [P: Block,MIB_FPGA_Module,(2-1-5)] [O: FlatComp,cap.1,(85-4-8)]
	Property: Cell Name, Operation: Change
[Ok][Modification] - [BE->FE] [P: Block,MIB_FPGA_Module,(2-1-5)] [O: FlatComp,cap.1,(95-4-8)]
	Property: Cell Name, Operation: Change
[Ok][Modification] - [BE->FE] [P: Block,MIB_FPGA_Module,(2-1-5)] [O: FlatComp,Bead_inductor.1,(108-4-8)]
	Property: Cell Name, Operation: Change
[Ok][Modification] - [BE->FE] [P: Block,MIB_FPGA_Module,(2-1-5)] [O: FlatComp,cap.1,(111-4-8)]
	Property: Cell Name, Operation: Change
[Ok][Modification] - [BE->FE] [P: Block,MIB_FPGA_Module,(2-1-5)] [O: FlatComp,res.1,(162-4-8)]
	Property: Cell Name, Operation: Change
[Ok][Modification] - [BE->FE] [P: Block,MIB_FPGA_Module,(2-1-5)] [O: FlatComp,res.1,(386-4-8)]
	Property: Cell Name, Operation: Change
[Ok][Modification] - [BE->FE] [P: Block,MIB_FPGA_Module,(2-1-5)] [O: FlatComp,LSHM-130-04-0-L-DV-A-N-K-TR.1,(427-4-8)]
	Property: Cell Name, Operation: Change
[Ok][Modification] - [BE->FE] [P: Block,MIB_FPGA_Module,(2-1-5)] [O: FlatComp,res.1,(695-4-8)]
	Property: Cell Name, Operation: Change
[Ok][Modification] - [BE->FE] [P: Block,MIB_FPGA_Module,(2-1-5)] [O: FlatComp,cap.1,(85-5-8)]
	Property: Cell Name, Operation: Change
[Ok][Modification] - [BE->FE] [P: Block,MIB_FPGA_Module,(2-1-5)] [O: FlatComp,cap.1,(95-5-8)]
	Property: Cell Name, Operation: Change
[Ok][Modification] - [BE->FE] [P: Block,MIB_FPGA_Module,(2-1-5)] [O: FlatComp,cap.1,(111-5-8)]
	Property: Cell Name, Operation: Change
[Ok][Modification] - [BE->FE] [P: Block,MIB_FPGA_Module,(2-1-5)] [O: FlatComp,res.1,(162-5-8)]
	Property: Cell Name, Operation: Change
[Ok][Modification] - [BE->FE] [P: Block,MIB_FPGA_Module,(2-1-5)] [O: FlatComp,res.1,(695-5-8)]
	Property: Cell Name, Operation: Change
[Ok][Modification] - [BE->FE] [P: Block,MIB_FPGA_Module,(2-1-5)] [O: FlatComp,XC7A100T-2FGG484C-B.1,(23-6-8)]
	Property: Cell Name, Operation: Change
[Ok][Modification] - [BE->FE] [P: Block,MIB_FPGA_Module,(2-1-5)] [O: FlatComp,cap.1,(85-6-8)]
	Property: Cell Name, Operation: Change
[Ok][Modification] - [BE->FE] [P: Block,MIB_FPGA_Module,(2-1-5)] [O: FlatComp,cap.1,(95-6-8)]
	Property: Cell Name, Operation: Change
[Ok][Modification] - [BE->FE] [P: Block,MIB_FPGA_Module,(2-1-5)] [O: FlatComp,cap.1,(108-6-8)]
	Property: Cell Name, Operation: Change
[Ok][Modification] - [BE->FE] [P: Block,MIB_FPGA_Module,(2-1-5)] [O: FlatComp,cap.1,(111-6-8)]
	Property: Cell Name, Operation: Change
[Ok][Modification] - [BE->FE] [P: Block,MIB_FPGA_Module,(2-1-5)] [O: FlatComp,res.1,(695-6-8)]
	Property: Cell Name, Operation: Change
[Ok][Modification] - [BE->FE] [P: Block,MIB_FPGA_Module,(2-1-5)] [O: FlatComp,pol_cap.1,(4-7-8)]
	Property: Cell Name, Operation: Change
[Ok][Modification] - [BE->FE] [P: Block,MIB_FPGA_Module,(2-1-5)] [O: FlatComp,XC7A100T-2FGG484C-C.1,(23-7-8)]
	Property: Cell Name, Operation: Change
[Ok][Modification] - [BE->FE] [P: Block,MIB_FPGA_Module,(2-1-5)] [O: FlatComp,cap.1,(85-7-8)]
	Property: Cell Name, Operation: Change
[Ok][Modification] - [BE->FE] [P: Block,MIB_FPGA_Module,(2-1-5)] [O: FlatComp,cap.1,(95-7-8)]
	Property: Cell Name, Operation: Change
[Ok][Modification] - [BE->FE] [P: Block,MIB_FPGA_Module,(2-1-5)] [O: FlatComp,cap.1,(108-7-8)]
	Property: Cell Name, Operation: Change
[Ok][Modification] - [BE->FE] [P: Block,MIB_FPGA_Module,(2-1-5)] [O: FlatComp,cap.1,(162-7-8)]
	Property: Cell Name, Operation: Change
[Ok][Modification] - [BE->FE] [P: Block,MIB_FPGA_Module,(2-1-5)] [O: FlatComp,cap.1,(427-7-8)]
	Property: Cell Name, Operation: Change
[Ok][Modification] - [BE->FE] [P: Block,MIB_FPGA_Module,(2-1-5)] [O: FlatComp,cap.1,(575-7-8)]
	Property: Cell Name, Operation: Change
[Ok][Modification] - [BE->FE] [P: Block,MIB_FPGA_Module,(2-1-5)] [O: FlatComp,XC7A100T-2FGG484C-D.1,(23-8-8)]
	Property: Cell Name, Operation: Change
[Ok][Modification] - [BE->FE] [P: Block,MIB_FPGA_Module,(2-1-5)] [O: FlatComp,cap.1,(111-8-8)]
	Property: Cell Name, Operation: Change
[Ok][Modification] - [BE->FE] [P: Block,MIB_FPGA_Module,(2-1-5)] [O: FlatComp,Bead_inductor.1,(386-8-8)]
	Property: Cell Name, Operation: Change
[Ok][Modification] - [BE->FE] [P: Block,MIB_FPGA_Module,(2-1-5)] [O: FlatComp,cap.1,(575-8-8)]
	Property: Cell Name, Operation: Change
[Ok][Modification] - [BE->FE] [P: Block,MIB_FPGA_Module,(2-1-5)] [O: FlatComp,XC7A100T-2FGG484C-E.1,(23-9-8)]
	Property: Cell Name, Operation: Change
[Ok][Modification] - [BE->FE] [P: Block,MIB_FPGA_Module,(2-1-5)] [O: FlatComp,cap.1,(111-9-8)]
	Property: Cell Name, Operation: Change
[Ok][Modification] - [BE->FE] [P: Block,MIB_FPGA_Module,(2-1-5)] [O: FlatComp,lvds_osc_125mhz_gen.1,(357-9-8)]
	Property: Cell Name, Operation: Change
[Ok][Modification] - [BE->FE] [P: Block,MIB_FPGA_Module,(2-1-5)] [O: FlatComp,cap.1,(386-9-8)]
	Property: Cell Name, Operation: Change
[Ok][Modification] - [BE->FE] [P: Block,MIB_FPGA_Module,(2-1-5)] [O: FlatComp,res.1,(575-9-8)]
	Property: Cell Name, Operation: Change
[Ok][Modification] - [BE->FE] [P: Block,MIB_FPGA_Module,(2-1-5)] [O: FlatComp,XC7A100T-2FGG484C-F.1,(23-10-8)]
	Property: Cell Name, Operation: Change
[Ok][Modification] - [BE->FE] [P: Block,MIB_FPGA_Module,(2-1-5)] [O: FlatComp,cap.1,(85-10-8)]
	Property: Cell Name, Operation: Change
[Ok][Modification] - [BE->FE] [P: Block,MIB_FPGA_Module,(2-1-5)] [O: FlatComp,cap.1,(386-10-8)]
	Property: Cell Name, Operation: Change
[Ok][Modification] - [BE->FE] [P: Block,MIB_FPGA_Module,(2-1-5)] [O: FlatComp,cap.1,(85-11-8)]
	Property: Cell Name, Operation: Change
[Ok][Modification] - [BE->FE] [P: Block,MIB_FPGA_Module,(2-1-5)] [O: FlatComp,cap.1,(357-11-8)]
	Property: Cell Name, Operation: Change
[Ok][Modification] - [BE->FE] [P: Block,MIB_FPGA_Module,(2-1-5)] [O: FlatComp,screw_term_3.1,(427-11-8)]
	Property: Cell Name, Operation: Change
[Ok][Modification] - [BE->FE] [P: Block,MIB_FPGA_Module,(2-1-5)] [O: FlatComp,res.1,(874-11-8)]
	Property: Cell Name, Operation: Change
[Ok][Modification] - [BE->FE] [P: Block,MIB_FPGA_Module,(2-1-5)] [O: FlatComp,XC7A100T-2FGG484C-G.1,(23-12-8)]
	Property: Cell Name, Operation: Change
[Ok][Modification] - [BE->FE] [P: Block,MIB_FPGA_Module,(2-1-5)] [O: FlatComp,cap.1,(85-12-8)]
	Property: Cell Name, Operation: Change
[Ok][Modification] - [BE->FE] [P: Block,MIB_FPGA_Module,(2-1-5)] [O: FlatComp,cap.1,(111-12-8)]
	Property: Cell Name, Operation: Change
[Ok][Modification] - [BE->FE] [P: Block,MIB_FPGA_Module,(2-1-5)] [O: FlatComp,cap.1,(357-12-8)]
	Property: Cell Name, Operation: Change
[Ok][Modification] - [BE->FE] [P: Block,MIB_FPGA_Module,(2-1-5)] [O: FlatComp,XC7A100T-2FGG484C-H.1,(23-13-8)]
	Property: Cell Name, Operation: Change
[Ok][Modification] - [BE->FE] [P: Block,MIB_FPGA_Module,(2-1-5)] [O: FlatComp,cap.1,(85-13-8)]
	Property: Cell Name, Operation: Change
[Ok][Modification] - [BE->FE] [P: Block,MIB_FPGA_Module,(2-1-5)] [O: FlatComp,cap.1,(111-13-8)]
	Property: Cell Name, Operation: Change
[Ok][Modification] - [BE->FE] [P: Block,MIB_FPGA_Module,(2-1-5)] [O: FlatComp,res.1,(162-13-8)]
	Property: Cell Name, Operation: Change
[Ok][Modification] - [BE->FE] [P: Block,MIB_FPGA_Module,(2-1-5)] [O: FlatComp,cap.1,(85-14-8)]
	Property: Cell Name, Operation: Change
[Ok][Modification] - [BE->FE] [P: Block,MIB_FPGA_Module,(2-1-5)] [O: FlatComp,cap.1,(111-14-8)]
	Property: Cell Name, Operation: Change
[Ok][Modification] - [BE->FE] [P: Block,MIB_FPGA_Module,(2-1-5)] [O: FlatComp,XC7A100T-2FGG484C-I.1,(23-15-8)]
	Property: Cell Name, Operation: Change
[Ok][Modification] - [BE->FE] [P: Block,MIB_FPGA_Module,(2-1-5)] [O: FlatComp,cap.1,(85-15-8)]
	Property: Cell Name, Operation: Change
[Ok][Modification] - [BE->FE] [P: Block,MIB_FPGA_Module,(2-1-5)] [O: FlatComp,XC7A100T-2FGG484C-J.1,(23-16-8)]
	Property: Cell Name, Operation: Change
[Ok][Modification] - [BE->FE] [P: Block,MIB_FPGA_Module,(2-1-5)] [O: FlatComp,cap.1,(111-16-8)]
	Property: Cell Name, Operation: Change
[Ok][Modification] - [BE->FE] [P: Block,MIB_FPGA_Module,(2-1-5)] [O: FlatComp,cap.1,(111-17-8)]
	Property: Cell Name, Operation: Change
[Ok][Modification] - [BE->FE] [P: Block,MIB_FPGA_Module,(2-1-5)] [O: FlatComp,cap.1,(95-18-8)]
	Property: Cell Name, Operation: Change
[Ok][Modification] - [BE->FE] [P: Block,MIB_FPGA_Module,(2-1-5)] [O: FlatComp,cap.1,(95-19-8)]
	Property: Cell Name, Operation: Change
[Ok][Modification] - [BE->FE] [P: Block,MIB_FPGA_Module,(2-1-5)] [O: FlatComp,cap.1,(111-19-8)]
	Property: Cell Name, Operation: Change
[Ok][Modification] - [BE->FE] [P: Block,MIB_FPGA_Module,(2-1-5)] [O: FlatComp,cap.1,(85-20-8)]
	Property: Cell Name, Operation: Change
[Ok][Modification] - [BE->FE] [P: Block,MIB_FPGA_Module,(2-1-5)] [O: FlatComp,cap.1,(95-20-8)]
	Property: Cell Name, Operation: Change
[Ok][Modification] - [BE->FE] [P: Block,MIB_FPGA_Module,(2-1-5)] [O: FlatComp,cap.1,(111-20-8)]
	Property: Cell Name, Operation: Change
[Ok][Modification] - [BE->FE] [P: Block,MIB_FPGA_Module,(2-1-5)] [O: FlatComp,cap.1,(85-21-8)]
	Property: Cell Name, Operation: Change
[Ok][Modification] - [BE->FE] [P: Block,MIB_FPGA_Module,(2-1-5)] [O: FlatComp,cap.1,(95-21-8)]
	Property: Cell Name, Operation: Change
[Ok][Modification] - [BE->FE] [P: Block,MIB_FPGA_Module,(2-1-5)] [O: FlatComp,cap.1,(85-22-8)]
	Property: Cell Name, Operation: Change
[Ok][Modification] - [BE->FE] [P: Block,MIB_FPGA_Module,(2-1-5)] [O: FlatComp,cap.1,(111-22-8)]
	Property: Cell Name, Operation: Change
[Ok][Modification] - [BE->FE] [P: Block,MIB_FPGA_Module,(2-1-5)] [O: FlatComp,res.1,(188-22-8)]
	Property: Cell Name, Operation: Change
[Ok][Modification] - [BE->FE] [P: Block,MIB_FPGA_Module,(2-1-5)] [O: FlatComp,cap.1,(85-23-8)]
	Property: Cell Name, Operation: Change
[Ok][Modification] - [BE->FE] [P: Block,MIB_FPGA_Module,(2-1-5)] [O: FlatComp,res.1,(95-23-8)]
	Property: Cell Name, Operation: Change
[Ok][Modification] - [BE->FE] [P: Block,MIB_FPGA_Module,(2-1-5)] [O: FlatComp,cap.1,(85-24-8)]
	Property: Cell Name, Operation: Change
[Ok][Modification] - [BE->FE] [P: Block,MIB_FPGA_Module,(2-1-5)] [O: FlatComp,res.1,(188-24-8)]
	Property: Cell Name, Operation: Change
[Ok][Modification] - [BE->FE] [P: Block,MIB_FPGA_Module,(2-1-5)] [O: FlatComp,cap.1,(85-25-8)]
	Property: Cell Name, Operation: Change
[Ok][Modification] - [BE->FE] [P: Block,MIB_FPGA_Module,(2-1-5)] [O: FlatComp,cap.1,(111-25-8)]
	Property: Cell Name, Operation: Change
[Ok][Modification] - [BE->FE] [P: Block,MIB_FPGA_Module,(2-1-5)] [O: FlatComp,cap.1,(111-26-8)]
	Property: Cell Name, Operation: Change
[Ok][Modification] - [BE->FE] [P: Block,MIB_FPGA_Module,(2-1-5)] [O: FlatComp,TPS2116DRLR.1,(376-26-8)]
	Property: Cell Name, Operation: Change
[Ok][Modification] - [BE->FE] [P: Block,MIB_FPGA_Module,(2-1-5)] [O: FlatComp,cap.1,(95-27-8)]
	Property: Cell Name, Operation: Change
[Ok][Modification] - [BE->FE] [P: Block,MIB_FPGA_Module,(2-1-5)] [O: FlatComp,cap.1,(85-28-8)]
	Property: Cell Name, Operation: Change
[Ok][Modification] - [BE->FE] [P: Block,MIB_FPGA_Module,(2-1-5)] [O: FlatComp,cap.1,(188-28-8)]
	Property: Cell Name, Operation: Change
[Ok][Modification] - [BE->FE] [P: Block,MIB_FPGA_Module,(2-1-5)] [O: FlatComp,cap.1,(85-29-8)]
	Property: Cell Name, Operation: Change
[Ok][Modification] - [BE->FE] [P: Block,MIB_FPGA_Module,(2-1-5)] [O: FlatComp,cap.1,(85-30-8)]
	Property: Cell Name, Operation: Change
[Ok][Modification] - [BE->FE] [P: Block,MIB_FPGA_Module,(2-1-5)] [O: FlatComp,res.1,(188-30-8)]
	Property: Cell Name, Operation: Change
[Ok][Modification] - [BE->FE] [P: Block,MIB_FPGA_Module,(2-1-5)] [O: FlatComp,res.1,(376-30-8)]
	Property: Cell Name, Operation: Change
[Ok][Modification] - [BE->FE] [P: Block,MIB_FPGA_Module,(2-1-5)] [O: FlatComp,cap.1,(85-31-8)]
	Property: Cell Name, Operation: Change
[Ok][Modification] - [BE->FE] [P: Block,MIB_FPGA_Module,(2-1-5)] [O: FlatComp,res.1,(188-31-8)]
	Property: Cell Name, Operation: Change
[Ok][Modification] - [BE->FE] [P: Block,MIB_FPGA_Module,(2-1-5)] [O: FlatComp,cap.1,(85-32-8)]
	Property: Cell Name, Operation: Change
[Ok][Modification] - [BE->FE] [P: Block,MIB_FPGA_Module,(2-1-5)] [O: FlatComp,cap.1,(188-32-8)]
	Property: Cell Name, Operation: Change
[Ok][Modification] - [BE->FE] [P: Block,MIB_FPGA_Module,(2-1-5)] [O: FlatComp,res.1,(376-32-8)]
	Property: Cell Name, Operation: Change
[Ok][Modification] - [BE->FE] [P: Block,MIB_FPGA_Module,(2-1-5)] [O: FlatComp,cap.1,(85-33-8)]
	Property: Cell Name, Operation: Change
[Ok][Modification] - [BE->FE] [P: Block,MIB_FPGA_Module,(2-1-5)] [O: FlatComp,res.1,(95-33-8)]
	Property: Cell Name, Operation: Change
[Ok][Modification] - [BE->FE] [P: Block,MIB_FPGA_Module,(2-1-5)] [O: FlatComp,res.1,(95-34-8)]
	Property: Cell Name, Operation: Change
[Ok][Modification] - [BE->FE] [P: Block,MIB_FPGA_Module,(2-1-5)] [O: FlatComp,ADP1741ACPZ-R7.1,(188-34-8)]
	Property: Cell Name, Operation: Change
[Ok][Modification] - [BE->FE] [P: Block,MIB_FPGA_Module,(2-1-5)] [O: FlatComp,res.1,(376-35-8)]
	Property: Cell Name, Operation: Change
[Ok][Modification] - [BE->FE] [P: Block,MIB_FPGA_Module,(2-1-5)] [O: FlatComp,res.1,(376-37-8)]
	Property: Cell Name, Operation: Change
[Ok][Modification] - [BE->FE] [P: Block,MIB_FPGA_Module,(2-1-5)] [O: FlatComp,res.1,(188-41-8)]
	Property: Cell Name, Operation: Change
[Ok][Modification] - [BE->FE] [P: Block,MIB_FPGA_Module,(2-1-5)] [O: FlatComp,TPS2116DRLR.1,(376-41-8)]
	Property: Cell Name, Operation: Change
[Ok][Modification] - [BE->FE] [P: Block,MIB_FPGA_Module,(2-1-5)] [O: FlatComp,cap.1,(188-45-8)]
	Property: Cell Name, Operation: Change
[Ok][Modification] - [BE->FE] [P: Block,MIB_FPGA_Module,(2-1-5)] [O: FlatComp,cap.1,(188-47-8)]
	Property: Cell Name, Operation: Change
[Ok][Modification] - [BE->FE] [P: Block,MIB_FPGA_Module,(2-1-5)] [O: FlatComp,cap.1,(95-50-8)]
	Property: Cell Name, Operation: Change
[Ok][Modification] - [BE->FE] [P: Block,MIB_FPGA_Module,(2-1-5)] [O: FlatComp,cap.1,(95-51-8)]
	Property: Cell Name, Operation: Change
[Ok][Modification] - [BE->FE] [P: Block,MIB_FPGA_Module,(2-1-5)] [O: FlatComp,cap.1,(95-52-8)]
	Property: Cell Name, Operation: Change
[Ok][Modification] - [BE->FE] [P: Block,MIB_FPGA_Module,(2-1-5)] [O: FlatComp,cap.1,(95-53-8)]
	Property: Cell Name, Operation: Change
[Ok][Modification] - [BE->FE] [P: Block,MIB_FPGA_Module,(2-1-5)] [O: FlatComp,cap.1,(95-54-8)]
	Property: Cell Name, Operation: Change
[Ok][Modification] - [BE->FE] [P: Block,MIB_FPGA_Module,(2-1-5)] [O: FlatComp,cap.1,(95-55-8)]
	Property: Cell Name, Operation: Change
[Ok][Modification] - [BE->FE] [P: Block,MIB_FPGA_Module,(2-1-5)] [O: FlatComp,cap.1,(95-56-8)]
	Property: Cell Name, Operation: Change
[Ok][Modification] - [BE->FE] [P: Block,MIB_FPGA_Module,(2-1-5)] [O: FlatComp,cap.1,(95-57-8)]
	Property: Cell Name, Operation: Change
[Ok][Modification] - [BE->FE] [P: Block,MIB_FPGA_Module,(2-1-5)] [O: FlatComp,cap.1,(95-58-8)]
	Property: Cell Name, Operation: Change
[Ok][Modification] - [BE->FE] [P: Block,MIB_FPGA_Module,(2-1-5)] [O: FlatComp,cap.1,(95-59-8)]
	Property: Cell Name, Operation: Change
[Ok][Modification] - [BE->FE] [P: Block,MIB_FPGA_Module,(2-1-5)] [O: FlatComp,cap.1,(95-60-8)]
	Property: Cell Name, Operation: Change
[Ok][Modification] - [BE->FE] [P: Block,MIB_FPGA_Module,(2-1-5)] [O: FlatComp,cap.1,(95-61-8)]
	Property: Cell Name, Operation: Change
[Ok][Modification] - [BE->FE] [P: Block,MIB_FPGA_Module,(2-1-5)] [O: FlatComp,cap.1,(95-62-8)]
	Property: Cell Name, Operation: Change
[Ok][Modification] - [BE->FE] [P: Block,MIB_FPGA_Module,(2-1-5)] [O: FlatComp,cap.1,(95-65-8)]
	Property: Cell Name, Operation: Change
[Ok][Modification] - [BE->FE] [P: Block,MIB_FPGA_Module,(2-1-5)] [O: FlatComp,cap.1,(95-66-8)]
	Property: Cell Name, Operation: Change
[Ok][Modification] - [BE->FE] [P: Block,MIB_FPGA_Module,(2-1-5)] [O: FlatComp,cap.1,(95-67-8)]
	Property: Cell Name, Operation: Change
[Ok][Modification] - [BE->FE] [P: Block,MIB_FPGA_Module,(2-1-5)] [O: FlatComp,cap.1,(95-68-8)]
	Property: Cell Name, Operation: Change
[Ok][Modification] - [BE->FE] [P: Block,MIB_FPGA_Module,(2-1-5)] [O: FlatComp,cap.1,(246-68-8)]
	Property: Cell Name, Operation: Change
[Ok][Modification] - [BE->FE] [P: Block,MIB_FPGA_Module,(2-1-5)] [O: FlatComp,cap.1,(95-69-8)]
	Property: Cell Name, Operation: Change
[Ok][Modification] - [BE->FE] [P: Block,MIB_FPGA_Module,(2-1-5)] [O: FlatComp,cap.1,(95-70-8)]
	Property: Cell Name, Operation: Change
[Ok][Modification] - [BE->FE] [P: Block,MIB_FPGA_Module,(2-1-5)] [O: FlatComp,jtag_hdr14_smt.1,(246-70-8)]
	Property: Cell Name, Operation: Change
[Ok][Modification] - [BE->FE] [P: Block,MIB_FPGA_Module,(2-1-5)] [O: FlatComp,cap.1,(95-71-8)]
	Property: Cell Name, Operation: Change
[Ok][Modification] - [BE->FE] [P: Block,MIB_FPGA_Module,(2-1-5)] [O: FlatComp,cap.1,(95-72-8)]
	Property: Cell Name, Operation: Change
[Ok][Modification] - [BE->FE] [P: Block,MIB_FPGA_Module,(2-1-5)] [O: FlatComp,cap.1,(95-73-8)]
	Property: Cell Name, Operation: Change
[Ok][Modification] - [BE->FE] [P: Block,MIB_FPGA_Module,(2-1-5)] [O: FlatComp,cap.1,(95-74-8)]
	Property: Cell Name, Operation: Change
[Ok][Modification] - [BE->FE] [P: Block,MIB_FPGA_Module,(2-1-5)] [O: FlatComp,S25FL256SAGBHI200.1,(246-74-8)]
	Property: Cell Name, Operation: Change
[Ok][Modification] - [BE->FE] [P: Block,MIB_FPGA_Module,(2-1-5)] [O: FlatComp,cap.1,(95-75-8)]
	Property: Cell Name, Operation: Change
[Ok][Modification] - [BE->FE] [P: Block,MIB_FPGA_Module,(2-1-5)] [O: FlatComp,cap.1,(246-75-8)]
	Property: Cell Name, Operation: Change
[Ok][Modification] - [BE->FE] [P: Block,MIB_FPGA_Module,(2-1-5)] [O: FlatComp,cap.1,(95-76-8)]
	Property: Cell Name, Operation: Change
[Ok][Modification] - [BE->FE] [P: Block,MIB_FPGA_Module,(2-1-5)] [O: FlatComp,res.1,(246-77-8)]
	Property: Cell Name, Operation: Change
[Ok][Modification] - [BE->FE] [P: Block,MIB_FPGA_Module,(2-1-5)] [O: FlatComp,res.1,(246-78-8)]
	Property: Cell Name, Operation: Change
[Ok][Modification] - [BE->FE] [P: Block,MIB_FPGA_Module,(2-1-5)] [O: FlatComp,cap.1,(95-79-8)]
	Property: Cell Name, Operation: Change
[Ok][Modification] - [BE->FE] [P: Block,MIB_FPGA_Module,(2-1-5)] [O: FlatComp,cap.1,(95-94-8)]
	Property: Cell Name, Operation: Change
[Ok][Modification] - [BE->FE] [P: Block,MIB_FPGA_Module,(2-1-5)] [O: FlatComp,cap.1,(95-95-8)]
	Property: Cell Name, Operation: Change
[Ok][Modification] - [BE->FE] [P: Block,MIB_FPGA_Module,(2-1-5)] [O: FlatComp,cap.1,(95-96-8)]
	Property: Cell Name, Operation: Change
[Ok][Modification] - [BE->FE] [P: Block,MIB_FPGA_Module,(2-1-5)] [O: FlatComp,cap.1,(95-97-8)]
	Property: Cell Name, Operation: Change
[Ok][Modification] - [BE->FE] [P: Block,MIB_FPGA_Module,(2-1-5)] [O: FlatComp,cap.1,(95-98-8)]
	Property: Cell Name, Operation: Change
[Ok][Modification] - [BE->FE] [P: Block,MIB_FPGA_Module,(2-1-5)] [O: FlatComp,cap.1,(95-99-8)]
	Property: Cell Name, Operation: Change
[Ok][Modification] - [BE->FE] [P: Block,MIB_FPGA_Module,(2-1-5)] [O: FlatComp,cap.1,(95-103-8)]
	Property: Cell Name, Operation: Change
[Ok][Modification] - [BE->FE] [P: Block,MIB_FPGA_Module,(2-1-5)] [O: FlatComp,cap.1,(95-104-8)]
	Property: Cell Name, Operation: Change
[Ok][Modification] - [BE->FE] [P: Block,MIB_FPGA_Module,(2-1-5)] [O: FlatComp,cap.1,(95-105-8)]
	Property: Cell Name, Operation: Change
[Ok][Modification] - [BE->FE] [P: Block,MIB_FPGA_Module,(2-1-5)] [O: FlatComp,cap.1,(95-106-8)]
	Property: Cell Name, Operation: Change
[Ok][Modification] - [BE->FE] [P: Block,MIB_FPGA_Module,(2-1-5)] [O: FlatComp,cap.1,(95-113-8)]
	Property: Cell Name, Operation: Change
[Ok][Modification] - [BE->FE] [P: Block,MIB_FPGA_Module,(2-1-5)] [O: FlatComp,cap.1,(95-114-8)]
	Property: Cell Name, Operation: Change
[Ok][Modification] - [BE->FE] [P: Block,MIB_FPGA_Module,(2-1-5)] [O: FlatComp,cap.1,(95-115-8)]
	Property: Cell Name, Operation: Change
[Ok][Modification] - [BE->FE] [P: Block,MIB_FPGA_Module,(2-1-5)] [O: FlatComp,cap.1,(95-116-8)]
	Property: Cell Name, Operation: Change
[Ok][Modification] - [BE->FE] [P: Block,MIB_FPGA_Module,(2-1-5)] [O: FlatComp,cap.1,(95-117-8)]
	Property: Cell Name, Operation: Change
[Ok][Modification] - [BE->FE] [P: Block,MIB_FPGA_Module,(2-1-5)] [O: FlatComp,cap.1,(95-118-8)]
	Property: Cell Name, Operation: Change
[Ok][Modification] - [BE->FE] [P: Block,MIB_FPGA_Module,(2-1-5)] [O: FlatComp,cap.1,(95-119-8)]
	Property: Cell Name, Operation: Change
[Ok][Modification] - [BE->FE] [P: Block,MIB_FPGA_Module,(2-1-5)] [O: FlatComp,cap.1,(95-120-8)]
	Property: Cell Name, Operation: Change
[Ok][Modification] - [BE->FE] [P: Block,MIB_FPGA_Module,(2-1-5)] [O: FlatComp,cap.1,(95-121-8)]
	Property: Cell Name, Operation: Change
[Ok][Modification] - [BE->FE] [P: Block,MIB_FPGA_Module,(2-1-5)] [O: FlatComp,LSHM-150-04-0-L-DV-A-N-K-TR.1,(2-140-8)]
	Property: Cell Name, Operation: Change
[Ok][Modification] - [BE->FE] [P: Block,MIB_FPGA_Module,(2-1-5)] [O: FlatComp,LSHM-150-04-0-L-DV-A-N-K-TR.1,(2-142-8)]
	Property: Cell Name, Operation: Change
[Ok][Modification] - [BE->FE] [P: Block,MIB_FPGA_Module,(2-1-5)] [O: FlatComp,pol_cap.1,(2-188-8)]
	Property: Cell Name, Operation: Change
--------------------------------------------------------------------------------
 Connection synchronization - END (2023-06-21 09:26:38) 
--------------------------------------------------------------------------------
--------------------------------------------------------------------------------
 CES synchronization - START (2023-06-21 09:26:38) 
--------------------------------------------------------------------------------

--------------------------------------------------------------------------------
 TOPOLOGY synchronization - START (2023-06-21 09:26:38) 
--------------------------------------------------------------------------------
--------------------------------------------------------------------------------
 TOPOLOGY synchronization - END (2023-06-21 09:26:38) 
--------------------------------------------------------------------------------
--------------------------------------------------------------------------------
 CES synchronization - END (2023-06-21 09:26:38) 
--------------------------------------------------------------------------------
--------------------------------------------------------------------------------
 VMVariant synchronization - START (2023-06-21 09:26:38) 
--------------------------------------------------------------------------------
--------------------------------------------------------------------------------
 VMVariant synchronization - END (2023-06-21 09:26:38) 
--------------------------------------------------------------------------------
--------------------------------------------------------------------------------
 Project integration - END (2023-06-21 09:26:38) 
--------------------------------------------------------------------------------
