--------------------------------------------------------------------------------
 Project integration - START (2023-05-03 11:56:35) 
--------------------------------------------------------------------------------
FE snapshot name: DxD
BE snapshot name: MIB_Module_layout_temp
Top level block: (2-1-5)
Parameters: BAConnectivity,BAConstraints,FEWin,
--------------------------------------------------------------------------------
--------------------------------------------------------------------------------
 Connection synchronization - START (2023-05-03 11:56:35) 
--------------------------------------------------------------------------------
[Ok][Modification] - [BE->FE] [P: Block,MIB_FPGA_Module,(2-1-5)] [O: FlatComp,SS15-TPCT-ND.1,(108-1-8)]
	Property: Cell Name, Operation: Change
[Ok][Modification] - [BE->FE] [P: Block,MIB_FPGA_Module,(2-1-5)] [O: FlatComp,ADP1741ACPZ-R7.1,(162-1-8)]
	Property: Cell Name, Operation: Change
[Ok][Modification] - [BE->FE] [P: Block,MIB_FPGA_Module,(2-1-5)] [O: FlatComp,Bead_inductor.1,(239-1-8)]
	Property: Cell Name, Operation: Change
[Ok][Modification] - [BE->FE] [P: Block,MIB_FPGA_Module,(2-1-5)] [O: FlatComp,lvds_osc_125mhz_gen.1,(357-1-8)]
	Property: Cell Name, Operation: Change
[Ok][Modification] - [BE->FE] [P: Block,MIB_FPGA_Module,(2-1-5)] [O: FlatComp,TPS6283810YFPR.1,(386-1-8)]
	Property: Cell Name, Operation: Change
[Ok][Modification] - [BE->FE] [P: Block,MIB_FPGA_Module,(2-1-5)] [O: FlatComp,header2x1.1,(474-1-8)]
	Property: Cell Name, Operation: Change
[Ok][Modification] - [BE->FE] [P: Block,MIB_FPGA_Module,(2-1-5)] [O: FlatComp,cap.1,(575-1-8)]
	Property: Cell Name, Operation: Change
[Ok][Modification] - [BE->FE] [P: Block,MIB_FPGA_Module,(2-1-5)] [O: FlatComp,XC7A100T-2FGG484C-A.1,(23-2-8)]
	Property: Cell Name, Operation: Change
[Ok][Modification] - [BE->FE] [P: Block,MIB_FPGA_Module,(2-1-5)] [O: FlatComp,cap.1,(85-2-8)]
	Property: Cell Name, Operation: Change
[Ok][Modification] - [BE->FE] [P: Block,MIB_FPGA_Module,(2-1-5)] [O: FlatComp,Bead_inductor.1,(108-2-8)]
	Property: Cell Name, Operation: Change
[Ok][Modification] - [BE->FE] [P: Block,MIB_FPGA_Module,(2-1-5)] [O: FlatComp,res.1,(474-2-8)]
	Property: Cell Name, Operation: Change
[Ok][Modification] - [BE->FE] [P: Block,MIB_FPGA_Module,(2-1-5)] [O: FlatComp,cap.1,(575-2-8)]
	Property: Cell Name, Operation: Change
[Ok][Modification] - [BE->FE] [P: Block,MIB_FPGA_Module,(2-1-5)] [O: FlatComp,DS04-254-2-03BK-SMT.1,(695-2-8)]
	Property: Cell Name, Operation: Change
[Ok][Modification] - [BE->FE] [P: Block,MIB_FPGA_Module,(2-1-5)] [O: FlatComp,cap.1,(85-3-8)]
	Property: Cell Name, Operation: Change
[Ok][Modification] - [BE->FE] [P: Block,MIB_FPGA_Module,(2-1-5)] [O: FlatComp,cap.1,(162-3-8)]
	Property: Cell Name, Operation: Change
[Ok][Modification] - [BE->FE] [P: Block,MIB_FPGA_Module,(2-1-5)] [O: FlatComp,res.1,(575-3-8)]
	Property: Cell Name, Operation: Change
[Ok][Modification] - [BE->FE] [P: Block,MIB_FPGA_Module,(2-1-5)] [O: FlatComp,cap.1,(85-4-8)]
	Property: Cell Name, Operation: Change
[Ok][Modification] - [BE->FE] [P: Block,MIB_FPGA_Module,(2-1-5)] [O: FlatComp,cap.1,(95-4-8)]
	Property: Cell Name, Operation: Change
[Ok][Modification] - [BE->FE] [P: Block,MIB_FPGA_Module,(2-1-5)] [O: FlatComp,Bead_inductor.1,(108-4-8)]
	Property: Cell Name, Operation: Change
[Ok][Modification] - [BE->FE] [P: Block,MIB_FPGA_Module,(2-1-5)] [O: FlatComp,cap.1,(111-4-8)]
	Property: Cell Name, Operation: Change
[Ok][Modification] - [BE->FE] [P: Block,MIB_FPGA_Module,(2-1-5)] [O: FlatComp,res.1,(162-4-8)]
	Property: Cell Name, Operation: Change
[Ok][Modification] - [BE->FE] [P: Block,MIB_FPGA_Module,(2-1-5)] [O: FlatComp,res.1,(386-4-8)]
	Property: Cell Name, Operation: Change
[Ok][Modification] - [BE->FE] [P: Block,MIB_FPGA_Module,(2-1-5)] [O: FlatComp,LSHM-130-04-0-L-DV-A-N-K-TR.1,(427-4-8)]
	Property: Cell Name, Operation: Change
[Ok][Modification] - [BE->FE] [P: Block,MIB_FPGA_Module,(2-1-5)] [O: FlatComp,res.1,(695-4-8)]
	Property: Cell Name, Operation: Change
[Ok][Modification] - [BE->FE] [P: Block,MIB_FPGA_Module,(2-1-5)] [O: FlatComp,cap.1,(85-5-8)]
	Property: Cell Name, Operation: Change
[Ok][Modification] - [BE->FE] [P: Block,MIB_FPGA_Module,(2-1-5)] [O: FlatComp,cap.1,(95-5-8)]
	Property: Cell Name, Operation: Change
[Ok][Modification] - [BE->FE] [P: Block,MIB_FPGA_Module,(2-1-5)] [O: FlatComp,cap.1,(111-5-8)]
	Property: Cell Name, Operation: Change
[Ok][Modification] - [BE->FE] [P: Block,MIB_FPGA_Module,(2-1-5)] [O: FlatComp,res.1,(162-5-8)]
	Property: Cell Name, Operation: Change
[Ok][Modification] - [BE->FE] [P: Block,MIB_FPGA_Module,(2-1-5)] [O: FlatComp,res.1,(695-5-8)]
	Property: Cell Name, Operation: Change
[Ok][Modification] - [BE->FE] [P: Block,MIB_FPGA_Module,(2-1-5)] [O: FlatComp,XC7A100T-2FGG484C-B.1,(23-6-8)]
	Property: Cell Name, Operation: Change
[Ok][Modification] - [BE->FE] [P: Block,MIB_FPGA_Module,(2-1-5)] [O: FlatComp,cap.1,(85-6-8)]
	Property: Cell Name, Operation: Change
[Ok][Modification] - [BE->FE] [P: Block,MIB_FPGA_Module,(2-1-5)] [O: FlatComp,cap.1,(95-6-8)]
	Property: Cell Name, Operation: Change
[Ok][Modification] - [BE->FE] [P: Block,MIB_FPGA_Module,(2-1-5)] [O: FlatComp,cap.1,(108-6-8)]
	Property: Cell Name, Operation: Change
[Ok][Modification] - [BE->FE] [P: Block,MIB_FPGA_Module,(2-1-5)] [O: FlatComp,cap.1,(111-6-8)]
	Property: Cell Name, Operation: Change
[Ok][Modification] - [BE->FE] [P: Block,MIB_FPGA_Module,(2-1-5)] [O: FlatComp,res.1,(695-6-8)]
	Property: Cell Name, Operation: Change
[Ok][Modification] - [BE->FE] [P: Block,MIB_FPGA_Module,(2-1-5)] [O: FlatComp,pol_cap.1,(4-7-8)]
	Property: Cell Name, Operation: Change
[Ok][Modification] - [BE->FE] [P: Block,MIB_FPGA_Module,(2-1-5)] [O: FlatComp,XC7A100T-2FGG484C-C.1,(23-7-8)]
	Property: Cell Name, Operation: Change
[Ok][Modification] - [BE->FE] [P: Block,MIB_FPGA_Module,(2-1-5)] [O: FlatComp,cap.1,(85-7-8)]
	Property: Cell Name, Operation: Change
[Ok][Modification] - [BE->FE] [P: Block,MIB_FPGA_Module,(2-1-5)] [O: FlatComp,cap.1,(95-7-8)]
	Property: Cell Name, Operation: Change
[Ok][Modification] - [BE->FE] [P: Block,MIB_FPGA_Module,(2-1-5)] [O: FlatComp,cap.1,(108-7-8)]
	Property: Cell Name, Operation: Change
[Ok][Modification] - [BE->FE] [P: Block,MIB_FPGA_Module,(2-1-5)] [O: FlatComp,cap.1,(162-7-8)]
	Property: Cell Name, Operation: Change
[Ok][Modification] - [BE->FE] [P: Block,MIB_FPGA_Module,(2-1-5)] [O: FlatComp,cap.1,(427-7-8)]
	Property: Cell Name, Operation: Change
[Ok][Modification] - [BE->FE] [P: Block,MIB_FPGA_Module,(2-1-5)] [O: FlatComp,cap.1,(575-7-8)]
	Property: Cell Name, Operation: Change
[Ok][Modification] - [BE->FE] [P: Block,MIB_FPGA_Module,(2-1-5)] [O: FlatComp,XC7A100T-2FGG484C-D.1,(23-8-8)]
	Property: Cell Name, Operation: Change
[Ok][Modification] - [BE->FE] [P: Block,MIB_FPGA_Module,(2-1-5)] [O: FlatComp,cap.1,(111-8-8)]
	Property: Cell Name, Operation: Change
[Ok][Modification] - [BE->FE] [P: Block,MIB_FPGA_Module,(2-1-5)] [O: FlatComp,Bead_inductor.1,(386-8-8)]
	Property: Cell Name, Operation: Change
[Ok][Modification] - [BE->FE] [P: Block,MIB_FPGA_Module,(2-1-5)] [O: FlatComp,cap.1,(575-8-8)]
	Property: Cell Name, Operation: Change
[Ok][Modification] - [BE->FE] [P: Block,MIB_FPGA_Module,(2-1-5)] [O: FlatComp,XC7A100T-2FGG484C-E.1,(23-9-8)]
	Property: Cell Name, Operation: Change
[Ok][Modification] - [BE->FE] [P: Block,MIB_FPGA_Module,(2-1-5)] [O: FlatComp,cap.1,(111-9-8)]
	Property: Cell Name, Operation: Change
[Ok][Modification] - [BE->FE] [P: Block,MIB_FPGA_Module,(2-1-5)] [O: FlatComp,lvds_osc_125mhz_gen.1,(357-9-8)]
	Property: Cell Name, Operation: Change
[Ok][Modification] - [BE->FE] [P: Block,MIB_FPGA_Module,(2-1-5)] [O: FlatComp,cap.1,(386-9-8)]
	Property: Cell Name, Operation: Change
[Ok][Modification] - [BE->FE] [P: Block,MIB_FPGA_Module,(2-1-5)] [O: FlatComp,res.1,(575-9-8)]
	Property: Cell Name, Operation: Change
[Ok][Modification] - [BE->FE] [P: Block,MIB_FPGA_Module,(2-1-5)] [O: FlatComp,XC7A100T-2FGG484C-F.1,(23-10-8)]
	Property: Cell Name, Operation: Change
[Ok][Modification] - [BE->FE] [P: Block,MIB_FPGA_Module,(2-1-5)] [O: FlatComp,cap.1,(85-10-8)]
	Property: Cell Name, Operation: Change
[Ok][Modification] - [BE->FE] [P: Block,MIB_FPGA_Module,(2-1-5)] [O: FlatComp,cap.1,(386-10-8)]
	Property: Cell Name, Operation: Change
[Ok][Modification] - [BE->FE] [P: Block,MIB_FPGA_Module,(2-1-5)] [O: FlatComp,cap.1,(85-11-8)]
	Property: Cell Name, Operation: Change
[Ok][Modification] - [BE->FE] [P: Block,MIB_FPGA_Module,(2-1-5)] [O: FlatComp,cap.1,(357-11-8)]
	Property: Cell Name, Operation: Change
[Ok][Modification] - [BE->FE] [P: Block,MIB_FPGA_Module,(2-1-5)] [O: FlatComp,screw_term_3.1,(427-11-8)]
	Property: Cell Name, Operation: Change
[Ok][Modification] - [BE->FE] [P: Block,MIB_FPGA_Module,(2-1-5)] [O: FlatComp,res.1,(874-11-8)]
	Property: Cell Name, Operation: Change
[Ok][Modification] - [BE->FE] [P: Block,MIB_FPGA_Module,(2-1-5)] [O: FlatComp,XC7A100T-2FGG484C-G.1,(23-12-8)]
	Property: Cell Name, Operation: Change
[Ok][Modification] - [BE->FE] [P: Block,MIB_FPGA_Module,(2-1-5)] [O: FlatComp,cap.1,(85-12-8)]
	Property: Cell Name, Operation: Change
[Ok][Modification] - [BE->FE] [P: Block,MIB_FPGA_Module,(2-1-5)] [O: FlatComp,cap.1,(111-12-8)]
	Property: Cell Name, Operation: Change
[Ok][Modification] - [BE->FE] [P: Block,MIB_FPGA_Module,(2-1-5)] [O: FlatComp,cap.1,(357-12-8)]
	Property: Cell Name, Operation: Change
[Ok][Modification] - [BE->FE] [P: Block,MIB_FPGA_Module,(2-1-5)] [O: FlatComp,XC7A100T-2FGG484C-H.1,(23-13-8)]
	Property: Cell Name, Operation: Change
[Ok][Modification] - [BE->FE] [P: Block,MIB_FPGA_Module,(2-1-5)] [O: FlatComp,cap.1,(85-13-8)]
	Property: Cell Name, Operation: Change
[Ok][Modification] - [BE->FE] [P: Block,MIB_FPGA_Module,(2-1-5)] [O: FlatComp,cap.1,(111-13-8)]
	Property: Cell Name, Operation: Change
[Ok][Modification] - [BE->FE] [P: Block,MIB_FPGA_Module,(2-1-5)] [O: FlatComp,res.1,(162-13-8)]
	Property: Cell Name, Operation: Change
[Ok][Modification] - [BE->FE] [P: Block,MIB_FPGA_Module,(2-1-5)] [O: FlatComp,cap.1,(85-14-8)]
	Property: Cell Name, Operation: Change
[Ok][Modification] - [BE->FE] [P: Block,MIB_FPGA_Module,(2-1-5)] [O: FlatComp,cap.1,(111-14-8)]
	Property: Cell Name, Operation: Change
[Ok][Modification] - [BE->FE] [P: Block,MIB_FPGA_Module,(2-1-5)] [O: FlatComp,XC7A100T-2FGG484C-I.1,(23-15-8)]
	Property: Cell Name, Operation: Change
[Ok][Modification] - [BE->FE] [P: Block,MIB_FPGA_Module,(2-1-5)] [O: FlatComp,cap.1,(85-15-8)]
	Property: Cell Name, Operation: Change
[Ok][Modification] - [BE->FE] [P: Block,MIB_FPGA_Module,(2-1-5)] [O: FlatComp,XC7A100T-2FGG484C-J.1,(23-16-8)]
	Property: Cell Name, Operation: Change
[Ok][Modification] - [BE->FE] [P: Block,MIB_FPGA_Module,(2-1-5)] [O: FlatComp,cap.1,(111-16-8)]
	Property: Cell Name, Operation: Change
[Ok][Modification] - [BE->FE] [P: Block,MIB_FPGA_Module,(2-1-5)] [O: FlatComp,cap.1,(111-17-8)]
	Property: Cell Name, Operation: Change
[Ok][Modification] - [BE->FE] [P: Block,MIB_FPGA_Module,(2-1-5)] [O: FlatComp,cap.1,(95-18-8)]
	Property: Cell Name, Operation: Change
[Ok][Modification] - [BE->FE] [P: Block,MIB_FPGA_Module,(2-1-5)] [O: FlatComp,cap.1,(95-19-8)]
	Property: Cell Name, Operation: Change
[Ok][Modification] - [BE->FE] [P: Block,MIB_FPGA_Module,(2-1-5)] [O: FlatComp,cap.1,(111-19-8)]
	Property: Cell Name, Operation: Change
[Ok][Modification] - [BE->FE] [P: Block,MIB_FPGA_Module,(2-1-5)] [O: FlatComp,cap.1,(85-20-8)]
	Property: Cell Name, Operation: Change
[Ok][Modification] - [BE->FE] [P: Block,MIB_FPGA_Module,(2-1-5)] [O: FlatComp,cap.1,(95-20-8)]
	Property: Cell Name, Operation: Change
[Ok][Modification] - [BE->FE] [P: Block,MIB_FPGA_Module,(2-1-5)] [O: FlatComp,cap.1,(111-20-8)]
	Property: Cell Name, Operation: Change
[Ok][Modification] - [BE->FE] [P: Block,MIB_FPGA_Module,(2-1-5)] [O: FlatComp,cap.1,(85-21-8)]
	Property: Cell Name, Operation: Change
[Ok][Modification] - [BE->FE] [P: Block,MIB_FPGA_Module,(2-1-5)] [O: FlatComp,cap.1,(95-21-8)]
	Property: Cell Name, Operation: Change
[Ok][Modification] - [BE->FE] [P: Block,MIB_FPGA_Module,(2-1-5)] [O: FlatComp,cap.1,(85-22-8)]
	Property: Cell Name, Operation: Change
[Ok][Modification] - [BE->FE] [P: Block,MIB_FPGA_Module,(2-1-5)] [O: FlatComp,cap.1,(111-22-8)]
	Property: Cell Name, Operation: Change
[Ok][Modification] - [BE->FE] [P: Block,MIB_FPGA_Module,(2-1-5)] [O: FlatComp,res.1,(188-22-8)]
	Property: Cell Name, Operation: Change
[Ok][Modification] - [BE->FE] [P: Block,MIB_FPGA_Module,(2-1-5)] [O: FlatComp,cap.1,(85-23-8)]
	Property: Cell Name, Operation: Change
[Ok][Modification] - [BE->FE] [P: Block,MIB_FPGA_Module,(2-1-5)] [O: FlatComp,res.1,(95-23-8)]
	Property: Cell Name, Operation: Change
[Ok][Modification] - [BE->FE] [P: Block,MIB_FPGA_Module,(2-1-5)] [O: FlatComp,cap.1,(85-24-8)]
	Property: Cell Name, Operation: Change
[Ok][Modification] - [BE->FE] [P: Block,MIB_FPGA_Module,(2-1-5)] [O: FlatComp,res.1,(188-24-8)]
	Property: Cell Name, Operation: Change
[Ok][Modification] - [BE->FE] [P: Block,MIB_FPGA_Module,(2-1-5)] [O: FlatComp,cap.1,(85-25-8)]
	Property: Cell Name, Operation: Change
[Ok][Modification] - [BE->FE] [P: Block,MIB_FPGA_Module,(2-1-5)] [O: FlatComp,cap.1,(111-25-8)]
	Property: Cell Name, Operation: Change
[Ok][Modification] - [BE->FE] [P: Block,MIB_FPGA_Module,(2-1-5)] [O: FlatComp,cap.1,(111-26-8)]
	Property: Cell Name, Operation: Change
[Ok][Modification] - [BE->FE] [P: Block,MIB_FPGA_Module,(2-1-5)] [O: FlatComp,TPS2116DRLR.1,(376-26-8)]
	Property: Cell Name, Operation: Change
[Ok][Modification] - [BE->FE] [P: Block,MIB_FPGA_Module,(2-1-5)] [O: FlatComp,cap.1,(95-27-8)]
	Property: Cell Name, Operation: Change
[Ok][Modification] - [BE->FE] [P: Block,MIB_FPGA_Module,(2-1-5)] [O: FlatComp,cap.1,(85-28-8)]
	Property: Cell Name, Operation: Change
[Ok][Modification] - [BE->FE] [P: Block,MIB_FPGA_Module,(2-1-5)] [O: FlatComp,cap.1,(188-28-8)]
	Property: Cell Name, Operation: Change
[Ok][Modification] - [BE->FE] [P: Block,MIB_FPGA_Module,(2-1-5)] [O: FlatComp,cap.1,(85-29-8)]
	Property: Cell Name, Operation: Change
[Ok][Modification] - [BE->FE] [P: Block,MIB_FPGA_Module,(2-1-5)] [O: FlatComp,cap.1,(85-30-8)]
	Property: Cell Name, Operation: Change
[Ok][Modification] - [BE->FE] [P: Block,MIB_FPGA_Module,(2-1-5)] [O: FlatComp,res.1,(188-30-8)]
	Property: Cell Name, Operation: Change
[Ok][Modification] - [BE->FE] [P: Block,MIB_FPGA_Module,(2-1-5)] [O: FlatComp,res.1,(376-30-8)]
	Property: Cell Name, Operation: Change
[Ok][Modification] - [BE->FE] [P: Block,MIB_FPGA_Module,(2-1-5)] [O: FlatComp,cap.1,(85-31-8)]
	Property: Cell Name, Operation: Change
[Ok][Modification] - [BE->FE] [P: Block,MIB_FPGA_Module,(2-1-5)] [O: FlatComp,res.1,(188-31-8)]
	Property: Cell Name, Operation: Change
[Ok][Modification] - [BE->FE] [P: Block,MIB_FPGA_Module,(2-1-5)] [O: FlatComp,cap.1,(85-32-8)]
	Property: Cell Name, Operation: Change
[Ok][Modification] - [BE->FE] [P: Block,MIB_FPGA_Module,(2-1-5)] [O: FlatComp,cap.1,(188-32-8)]
	Property: Cell Name, Operation: Change
[Ok][Modification] - [BE->FE] [P: Block,MIB_FPGA_Module,(2-1-5)] [O: FlatComp,res.1,(376-32-8)]
	Property: Cell Name, Operation: Change
[Ok][Modification] - [BE->FE] [P: Block,MIB_FPGA_Module,(2-1-5)] [O: FlatComp,cap.1,(85-33-8)]
	Property: Cell Name, Operation: Change
[Ok][Modification] - [BE->FE] [P: Block,MIB_FPGA_Module,(2-1-5)] [O: FlatComp,res.1,(95-33-8)]
	Property: Cell Name, Operation: Change
[Ok][Modification] - [BE->FE] [P: Block,MIB_FPGA_Module,(2-1-5)] [O: FlatComp,res.1,(95-34-8)]
	Property: Cell Name, Operation: Change
[Ok][Modification] - [BE->FE] [P: Block,MIB_FPGA_Module,(2-1-5)] [O: FlatComp,ADP1741ACPZ-R7.1,(188-34-8)]
	Property: Cell Name, Operation: Change
[Ok][Modification] - [BE->FE] [P: Block,MIB_FPGA_Module,(2-1-5)] [O: FlatComp,res.1,(376-35-8)]
	Property: Cell Name, Operation: Change
[Ok][Modification] - [BE->FE] [P: Block,MIB_FPGA_Module,(2-1-5)] [O: FlatComp,res.1,(376-37-8)]
	Property: Cell Name, Operation: Change
[Ok][Modification] - [BE->FE] [P: Block,MIB_FPGA_Module,(2-1-5)] [O: FlatComp,res.1,(188-41-8)]
	Property: Cell Name, Operation: Change
[Ok][Modification] - [BE->FE] [P: Block,MIB_FPGA_Module,(2-1-5)] [O: FlatComp,TPS2116DRLR.1,(376-41-8)]
	Property: Cell Name, Operation: Change
[Ok][Modification] - [BE->FE] [P: Block,MIB_FPGA_Module,(2-1-5)] [O: FlatComp,cap.1,(188-45-8)]
	Property: Cell Name, Operation: Change
[Ok][Modification] - [BE->FE] [P: Block,MIB_FPGA_Module,(2-1-5)] [O: FlatComp,cap.1,(188-47-8)]
	Property: Cell Name, Operation: Change
[Ok][Modification] - [BE->FE] [P: Block,MIB_FPGA_Module,(2-1-5)] [O: FlatComp,cap.1,(95-50-8)]
	Property: Cell Name, Operation: Change
[Ok][Modification] - [BE->FE] [P: Block,MIB_FPGA_Module,(2-1-5)] [O: FlatComp,cap.1,(95-51-8)]
	Property: Cell Name, Operation: Change
[Ok][Modification] - [BE->FE] [P: Block,MIB_FPGA_Module,(2-1-5)] [O: FlatComp,cap.1,(95-52-8)]
	Property: Cell Name, Operation: Change
[Ok][Modification] - [BE->FE] [P: Block,MIB_FPGA_Module,(2-1-5)] [O: FlatComp,cap.1,(95-53-8)]
	Property: Cell Name, Operation: Change
[Ok][Modification] - [BE->FE] [P: Block,MIB_FPGA_Module,(2-1-5)] [O: FlatComp,cap.1,(95-54-8)]
	Property: Cell Name, Operation: Change
[Ok][Modification] - [BE->FE] [P: Block,MIB_FPGA_Module,(2-1-5)] [O: FlatComp,cap.1,(95-55-8)]
	Property: Cell Name, Operation: Change
[Ok][Modification] - [BE->FE] [P: Block,MIB_FPGA_Module,(2-1-5)] [O: FlatComp,cap.1,(95-56-8)]
	Property: Cell Name, Operation: Change
[Ok][Modification] - [BE->FE] [P: Block,MIB_FPGA_Module,(2-1-5)] [O: FlatComp,cap.1,(95-57-8)]
	Property: Cell Name, Operation: Change
[Ok][Modification] - [BE->FE] [P: Block,MIB_FPGA_Module,(2-1-5)] [O: FlatComp,cap.1,(95-58-8)]
	Property: Cell Name, Operation: Change
[Ok][Modification] - [BE->FE] [P: Block,MIB_FPGA_Module,(2-1-5)] [O: FlatComp,cap.1,(95-59-8)]
	Property: Cell Name, Operation: Change
[Ok][Modification] - [BE->FE] [P: Block,MIB_FPGA_Module,(2-1-5)] [O: FlatComp,cap.1,(95-60-8)]
	Property: Cell Name, Operation: Change
[Ok][Modification] - [BE->FE] [P: Block,MIB_FPGA_Module,(2-1-5)] [O: FlatComp,cap.1,(95-61-8)]
	Property: Cell Name, Operation: Change
[Ok][Modification] - [BE->FE] [P: Block,MIB_FPGA_Module,(2-1-5)] [O: FlatComp,cap.1,(95-62-8)]
	Property: Cell Name, Operation: Change
[Ok][Modification] - [BE->FE] [P: Block,MIB_FPGA_Module,(2-1-5)] [O: FlatComp,cap.1,(95-65-8)]
	Property: Cell Name, Operation: Change
[Ok][Modification] - [BE->FE] [P: Block,MIB_FPGA_Module,(2-1-5)] [O: FlatComp,cap.1,(95-66-8)]
	Property: Cell Name, Operation: Change
[Ok][Modification] - [BE->FE] [P: Block,MIB_FPGA_Module,(2-1-5)] [O: FlatComp,cap.1,(95-67-8)]
	Property: Cell Name, Operation: Change
[Ok][Modification] - [BE->FE] [P: Block,MIB_FPGA_Module,(2-1-5)] [O: FlatComp,cap.1,(95-68-8)]
	Property: Cell Name, Operation: Change
[Ok][Modification] - [BE->FE] [P: Block,MIB_FPGA_Module,(2-1-5)] [O: FlatComp,cap.1,(246-68-8)]
	Property: Cell Name, Operation: Change
[Ok][Modification] - [BE->FE] [P: Block,MIB_FPGA_Module,(2-1-5)] [O: FlatComp,cap.1,(95-69-8)]
	Property: Cell Name, Operation: Change
[Ok][Modification] - [BE->FE] [P: Block,MIB_FPGA_Module,(2-1-5)] [O: FlatComp,cap.1,(95-70-8)]
	Property: Cell Name, Operation: Change
[Ok][Modification] - [BE->FE] [P: Block,MIB_FPGA_Module,(2-1-5)] [O: FlatComp,jtag_hdr14_smt.1,(246-70-8)]
	Property: Cell Name, Operation: Change
[Ok][Modification] - [BE->FE] [P: Block,MIB_FPGA_Module,(2-1-5)] [O: FlatComp,cap.1,(95-71-8)]
	Property: Cell Name, Operation: Change
[Ok][Modification] - [BE->FE] [P: Block,MIB_FPGA_Module,(2-1-5)] [O: FlatComp,cap.1,(95-72-8)]
	Property: Cell Name, Operation: Change
[Ok][Modification] - [BE->FE] [P: Block,MIB_FPGA_Module,(2-1-5)] [O: FlatComp,cap.1,(95-73-8)]
	Property: Cell Name, Operation: Change
[Ok][Modification] - [BE->FE] [P: Block,MIB_FPGA_Module,(2-1-5)] [O: FlatComp,cap.1,(95-74-8)]
	Property: Cell Name, Operation: Change
[Ok][Modification] - [BE->FE] [P: Block,MIB_FPGA_Module,(2-1-5)] [O: FlatComp,S25FL256SAGBHI200.1,(246-74-8)]
	Property: Cell Name, Operation: Change
[Ok][Modification] - [BE->FE] [P: Block,MIB_FPGA_Module,(2-1-5)] [O: FlatComp,cap.1,(95-75-8)]
	Property: Cell Name, Operation: Change
[Ok][Modification] - [BE->FE] [P: Block,MIB_FPGA_Module,(2-1-5)] [O: FlatComp,cap.1,(246-75-8)]
	Property: Cell Name, Operation: Change
[Ok][Modification] - [BE->FE] [P: Block,MIB_FPGA_Module,(2-1-5)] [O: FlatComp,cap.1,(95-76-8)]
	Property: Cell Name, Operation: Change
[Ok][Modification] - [BE->FE] [P: Block,MIB_FPGA_Module,(2-1-5)] [O: FlatComp,res.1,(246-77-8)]
	Property: Cell Name, Operation: Change
[Ok][Modification] - [BE->FE] [P: Block,MIB_FPGA_Module,(2-1-5)] [O: FlatComp,res.1,(246-78-8)]
	Property: Cell Name, Operation: Change
[Ok][Modification] - [BE->FE] [P: Block,MIB_FPGA_Module,(2-1-5)] [O: FlatComp,cap.1,(95-79-8)]
	Property: Cell Name, Operation: Change
[Ok][Modification] - [BE->FE] [P: Block,MIB_FPGA_Module,(2-1-5)] [O: FlatComp,cap.1,(95-94-8)]
	Property: Cell Name, Operation: Change
[Ok][Modification] - [BE->FE] [P: Block,MIB_FPGA_Module,(2-1-5)] [O: FlatComp,cap.1,(95-95-8)]
	Property: Cell Name, Operation: Change
[Ok][Modification] - [BE->FE] [P: Block,MIB_FPGA_Module,(2-1-5)] [O: FlatComp,cap.1,(95-96-8)]
	Property: Cell Name, Operation: Change
[Ok][Modification] - [BE->FE] [P: Block,MIB_FPGA_Module,(2-1-5)] [O: FlatComp,cap.1,(95-97-8)]
	Property: Cell Name, Operation: Change
[Ok][Modification] - [BE->FE] [P: Block,MIB_FPGA_Module,(2-1-5)] [O: FlatComp,cap.1,(95-98-8)]
	Property: Cell Name, Operation: Change
[Ok][Modification] - [BE->FE] [P: Block,MIB_FPGA_Module,(2-1-5)] [O: FlatComp,cap.1,(95-99-8)]
	Property: Cell Name, Operation: Change
[Ok][Modification] - [BE->FE] [P: Block,MIB_FPGA_Module,(2-1-5)] [O: FlatComp,cap.1,(95-103-8)]
	Property: Cell Name, Operation: Change
[Ok][Modification] - [BE->FE] [P: Block,MIB_FPGA_Module,(2-1-5)] [O: FlatComp,cap.1,(95-104-8)]
	Property: Cell Name, Operation: Change
[Ok][Modification] - [BE->FE] [P: Block,MIB_FPGA_Module,(2-1-5)] [O: FlatComp,cap.1,(95-105-8)]
	Property: Cell Name, Operation: Change
[Ok][Modification] - [BE->FE] [P: Block,MIB_FPGA_Module,(2-1-5)] [O: FlatComp,cap.1,(95-106-8)]
	Property: Cell Name, Operation: Change
[Ok][Modification] - [BE->FE] [P: Block,MIB_FPGA_Module,(2-1-5)] [O: FlatComp,cap.1,(95-113-8)]
	Property: Cell Name, Operation: Change
[Ok][Modification] - [BE->FE] [P: Block,MIB_FPGA_Module,(2-1-5)] [O: FlatComp,cap.1,(95-114-8)]
	Property: Cell Name, Operation: Change
[Ok][Modification] - [BE->FE] [P: Block,MIB_FPGA_Module,(2-1-5)] [O: FlatComp,cap.1,(95-115-8)]
	Property: Cell Name, Operation: Change
[Ok][Modification] - [BE->FE] [P: Block,MIB_FPGA_Module,(2-1-5)] [O: FlatComp,cap.1,(95-116-8)]
	Property: Cell Name, Operation: Change
[Ok][Modification] - [BE->FE] [P: Block,MIB_FPGA_Module,(2-1-5)] [O: FlatComp,cap.1,(95-117-8)]
	Property: Cell Name, Operation: Change
[Ok][Modification] - [BE->FE] [P: Block,MIB_FPGA_Module,(2-1-5)] [O: FlatComp,cap.1,(95-118-8)]
	Property: Cell Name, Operation: Change
[Ok][Modification] - [BE->FE] [P: Block,MIB_FPGA_Module,(2-1-5)] [O: FlatComp,cap.1,(95-119-8)]
	Property: Cell Name, Operation: Change
[Ok][Modification] - [BE->FE] [P: Block,MIB_FPGA_Module,(2-1-5)] [O: FlatComp,cap.1,(95-120-8)]
	Property: Cell Name, Operation: Change
[Ok][Modification] - [BE->FE] [P: Block,MIB_FPGA_Module,(2-1-5)] [O: FlatComp,cap.1,(95-121-8)]
	Property: Cell Name, Operation: Change
[Ok][Modification] - [BE->FE] [P: Block,MIB_FPGA_Module,(2-1-5)] [O: FlatComp,LSHM-150-04-0-L-DV-A-N-K-TR.1,(2-140-8)]
	Property: Cell Name, Operation: Change
[Ok][Modification] - [BE->FE] [P: Block,MIB_FPGA_Module,(2-1-5)] [O: FlatComp,LSHM-150-04-0-L-DV-A-N-K-TR.1,(2-142-8)]
	Property: Cell Name, Operation: Change
[Ok][Modification] - [BE->FE] [P: Block,MIB_FPGA_Module,(2-1-5)] [O: FlatComp,pol_cap.1,(2-188-8)]
	Property: Cell Name, Operation: Change
--------------------------------------------------------------------------------
 Connection synchronization - END (2023-05-03 11:56:35) 
--------------------------------------------------------------------------------
--------------------------------------------------------------------------------
 CES synchronization - START (2023-05-03 11:56:35) 
--------------------------------------------------------------------------------
[Ok][Addition] - [BE->FE] [P: CesDesign,CesDesign,(2-1-21)] [O: CesC2CClearRule,CesC2CClearRule,(1124-1-31)]
[Ok][Addition] - [BE->FE] [P: CesDesign,CesDesign,(2-1-21)] [O: CesC2CClearRule,CesC2CClearRule,(1124-2-31)]
[Ok][Addition] - [BE->FE] [P: CesDesign,CesDesign,(2-1-21)] [O: CesC2CClearRule,CesC2CClearRule,(1124-3-31)]
[Ok][Addition] - [BE->FE] [P: CesDesign,CesDesign,(2-1-21)] [O: CesC2CClearRule,CesC2CClearRule,(1124-4-31)]
[Ok][Addition] - [BE->FE] [P: CesDesign,CesDesign,(2-1-21)] [O: CesC2CClearRule,CesC2CClearRule,(1124-5-31)]
[Ok][Addition] - [BE->FE] [P: CesDesign,CesDesign,(2-1-21)] [O: CesC2CClearRule,CesC2CClearRule,(1124-6-31)]
[Ok][Addition] - [BE->FE] [P: CesDesign,CesDesign,(2-1-21)] [O: CesC2CClearRule,CesC2CClearRule,(1124-7-31)]
[Ok][Addition] - [BE->FE] [P: CesDesign,CesDesign,(2-1-21)] [O: CesC2CClearRule,CesC2CClearRule,(1124-8-31)]
[Ok][Addition] - [BE->FE] [P: CesDesign,CesDesign,(2-1-21)] [O: CesC2CClearRule,CesC2CClearRule,(1124-9-31)]
[Ok][Addition] - [BE->FE] [P: CesDesign,CesDesign,(2-1-21)] [O: CesC2CClearRule,CesC2CClearRule,(1124-10-31)]
[Ok][Addition] - [BE->FE] [P: CesDesign,CesDesign,(2-1-21)] [O: CesC2CClearRule,CesC2CClearRule,(1124-11-31)]
[Ok][Addition] - [BE->FE] [P: CesDesign,CesDesign,(2-1-21)] [O: CesC2CClearRule,CesC2CClearRule,(1124-12-31)]
[Ok][Addition] - [BE->FE] [P: CesDesign,CesDesign,(2-1-21)] [O: CesC2CClearRule,CesC2CClearRule,(1124-13-31)]
[Ok][Addition] - [BE->FE] [P: CesDesign,CesDesign,(2-1-21)] [O: CesC2CClearRule,CesC2CClearRule,(1124-14-31)]
[Ok][Addition] - [BE->FE] [P: CesDesign,CesDesign,(2-1-21)] [O: CesC2CClearRule,CesC2CClearRule,(1124-15-31)]

--------------------------------------------------------------------------------
 TOPOLOGY synchronization - START (2023-05-03 11:56:35) 
--------------------------------------------------------------------------------
--------------------------------------------------------------------------------
 TOPOLOGY synchronization - END (2023-05-03 11:56:35) 
--------------------------------------------------------------------------------
[Ok][Modification] - [BE->FE] [P: CesSchemeClearRule,(Default Rule),(2-1-41)] [O: CesConstraint,TRACE_TO_TRACE,(47-34-22)]
[Ok][Modification] - [BE->FE] [P: CesLayerClearRule,CesLayerClearRule,(11-1-42)] [O: CesConstraint,TRACE_TO_TRACE,(47-35-22)]
[Ok][Modification] - [BE->FE] [P: CesLayerClearRule,CesLayerClearRule,(11-3-42)] [O: CesConstraint,TRACE_TO_TRACE,(47-36-22)]
[Ok][Modification] - [BE->FE] [P: CesLayerClearRule,CesLayerClearRule,(11-5-42)] [O: CesConstraint,TRACE_TO_TRACE,(47-37-22)]
[Ok][Modification] - [BE->FE] [P: CesLayerClearRule,CesLayerClearRule,(11-9-42)] [O: CesConstraint,TRACE_TO_TRACE,(47-38-22)]
[Ok][Modification] - [BE->FE] [P: CesLayerClearRule,CesLayerClearRule,(11-13-42)] [O: CesConstraint,TRACE_TO_TRACE,(47-39-22)]
[Ok][Modification] - [BE->FE] [P: CesLayerClearRule,CesLayerClearRule,(11-15-42)] [O: CesConstraint,TRACE_TO_TRACE,(47-40-22)]
[Ok][Modification] - [BE->FE] [P: CesLayerClearRule,CesLayerClearRule,(11-11-42)] [O: CesConstraint,TRACE_TO_TRACE,(47-41-22)]
[Ok][Modification] - [BE->FE] [P: CesLayerClearRule,CesLayerClearRule,(11-17-42)] [O: CesConstraint,TRACE_TO_TRACE,(47-42-22)]
[Ok][Modification] - [BE->FE] [P: CesLayerClearRule,CesLayerClearRule,(11-19-42)] [O: CesConstraint,TRACE_TO_TRACE,(47-43-22)]
[Ok][Modification] - [BE->FE] [P: CesLayerClearRule,CesLayerClearRule,(11-7-42)] [O: CesConstraint,TRACE_TO_TRACE,(47-44-22)]
[Ok][Addition] - [BE->FE] [P: CesC2CClearRule,CesC2CClearRule,(1124-1-31)] [O: CesConstraint,C2C_SCHEME,(1124-1-22)]
[Ok][Addition] - [BE->FE] [P: CesC2CClearRule,CesC2CClearRule,(1124-1-31)] [O: CesConstraint,C2C_FRCLASS,(1124-2-22)]
[Ok][Addition] - [BE->FE] [P: CesC2CClearRule,CesC2CClearRule,(1124-1-31)] [O: CesConstraint,C2C_TOCLASS,(1124-3-22)]
[Ok][Addition] - [BE->FE] [P: CesC2CClearRule,CesC2CClearRule,(1124-1-31)] [O: CesConstraint,C2C_RULE,(1124-4-22)]
[Ok][Addition] - [BE->FE] [P: CesC2CClearRule,CesC2CClearRule,(1124-2-31)] [O: CesConstraint,C2C_SCHEME,(1124-5-22)]
[Ok][Addition] - [BE->FE] [P: CesC2CClearRule,CesC2CClearRule,(1124-2-31)] [O: CesConstraint,C2C_FRCLASS,(1124-6-22)]
[Ok][Addition] - [BE->FE] [P: CesC2CClearRule,CesC2CClearRule,(1124-2-31)] [O: CesConstraint,C2C_TOCLASS,(1124-7-22)]
[Ok][Addition] - [BE->FE] [P: CesC2CClearRule,CesC2CClearRule,(1124-2-31)] [O: CesConstraint,C2C_RULE,(1124-8-22)]
[Ok][Addition] - [BE->FE] [P: CesC2CClearRule,CesC2CClearRule,(1124-3-31)] [O: CesConstraint,C2C_SCHEME,(1124-9-22)]
[Ok][Addition] - [BE->FE] [P: CesC2CClearRule,CesC2CClearRule,(1124-3-31)] [O: CesConstraint,C2C_FRCLASS,(1124-10-22)]
[Ok][Addition] - [BE->FE] [P: CesC2CClearRule,CesC2CClearRule,(1124-3-31)] [O: CesConstraint,C2C_TOCLASS,(1124-11-22)]
[Ok][Addition] - [BE->FE] [P: CesC2CClearRule,CesC2CClearRule,(1124-3-31)] [O: CesConstraint,C2C_RULE,(1124-12-22)]
[Ok][Addition] - [BE->FE] [P: CesC2CClearRule,CesC2CClearRule,(1124-4-31)] [O: CesConstraint,C2C_SCHEME,(1124-13-22)]
[Ok][Addition] - [BE->FE] [P: CesC2CClearRule,CesC2CClearRule,(1124-4-31)] [O: CesConstraint,C2C_FRCLASS,(1124-14-22)]
[Ok][Addition] - [BE->FE] [P: CesC2CClearRule,CesC2CClearRule,(1124-4-31)] [O: CesConstraint,C2C_TOCLASS,(1124-15-22)]
[Ok][Addition] - [BE->FE] [P: CesC2CClearRule,CesC2CClearRule,(1124-4-31)] [O: CesConstraint,C2C_RULE,(1124-16-22)]
[Ok][Addition] - [BE->FE] [P: CesC2CClearRule,CesC2CClearRule,(1124-5-31)] [O: CesConstraint,C2C_SCHEME,(1124-17-22)]
[Ok][Addition] - [BE->FE] [P: CesC2CClearRule,CesC2CClearRule,(1124-5-31)] [O: CesConstraint,C2C_FRCLASS,(1124-18-22)]
[Ok][Addition] - [BE->FE] [P: CesC2CClearRule,CesC2CClearRule,(1124-5-31)] [O: CesConstraint,C2C_TOCLASS,(1124-19-22)]
[Ok][Addition] - [BE->FE] [P: CesC2CClearRule,CesC2CClearRule,(1124-5-31)] [O: CesConstraint,C2C_RULE,(1124-20-22)]
[Ok][Addition] - [BE->FE] [P: CesC2CClearRule,CesC2CClearRule,(1124-6-31)] [O: CesConstraint,C2C_SCHEME,(1124-21-22)]
[Ok][Addition] - [BE->FE] [P: CesC2CClearRule,CesC2CClearRule,(1124-6-31)] [O: CesConstraint,C2C_FRCLASS,(1124-22-22)]
[Ok][Addition] - [BE->FE] [P: CesC2CClearRule,CesC2CClearRule,(1124-6-31)] [O: CesConstraint,C2C_TOCLASS,(1124-23-22)]
[Ok][Addition] - [BE->FE] [P: CesC2CClearRule,CesC2CClearRule,(1124-6-31)] [O: CesConstraint,C2C_RULE,(1124-24-22)]
[Ok][Addition] - [BE->FE] [P: CesC2CClearRule,CesC2CClearRule,(1124-7-31)] [O: CesConstraint,C2C_SCHEME,(1124-25-22)]
[Ok][Addition] - [BE->FE] [P: CesC2CClearRule,CesC2CClearRule,(1124-7-31)] [O: CesConstraint,C2C_FRCLASS,(1124-26-22)]
[Ok][Addition] - [BE->FE] [P: CesC2CClearRule,CesC2CClearRule,(1124-7-31)] [O: CesConstraint,C2C_TOCLASS,(1124-27-22)]
[Ok][Addition] - [BE->FE] [P: CesC2CClearRule,CesC2CClearRule,(1124-7-31)] [O: CesConstraint,C2C_RULE,(1124-28-22)]
[Ok][Addition] - [BE->FE] [P: CesC2CClearRule,CesC2CClearRule,(1124-8-31)] [O: CesConstraint,C2C_SCHEME,(1124-29-22)]
[Ok][Addition] - [BE->FE] [P: CesC2CClearRule,CesC2CClearRule,(1124-8-31)] [O: CesConstraint,C2C_FRCLASS,(1124-30-22)]
[Ok][Addition] - [BE->FE] [P: CesC2CClearRule,CesC2CClearRule,(1124-8-31)] [O: CesConstraint,C2C_TOCLASS,(1124-31-22)]
[Ok][Addition] - [BE->FE] [P: CesC2CClearRule,CesC2CClearRule,(1124-8-31)] [O: CesConstraint,C2C_RULE,(1124-32-22)]
[Ok][Addition] - [BE->FE] [P: CesC2CClearRule,CesC2CClearRule,(1124-9-31)] [O: CesConstraint,C2C_SCHEME,(1124-33-22)]
[Ok][Addition] - [BE->FE] [P: CesC2CClearRule,CesC2CClearRule,(1124-9-31)] [O: CesConstraint,C2C_FRCLASS,(1124-34-22)]
[Ok][Addition] - [BE->FE] [P: CesC2CClearRule,CesC2CClearRule,(1124-9-31)] [O: CesConstraint,C2C_TOCLASS,(1124-35-22)]
[Ok][Addition] - [BE->FE] [P: CesC2CClearRule,CesC2CClearRule,(1124-9-31)] [O: CesConstraint,C2C_RULE,(1124-36-22)]
[Ok][Addition] - [BE->FE] [P: CesC2CClearRule,CesC2CClearRule,(1124-10-31)] [O: CesConstraint,C2C_SCHEME,(1124-37-22)]
[Ok][Addition] - [BE->FE] [P: CesC2CClearRule,CesC2CClearRule,(1124-10-31)] [O: CesConstraint,C2C_FRCLASS,(1124-38-22)]
[Ok][Addition] - [BE->FE] [P: CesC2CClearRule,CesC2CClearRule,(1124-10-31)] [O: CesConstraint,C2C_TOCLASS,(1124-39-22)]
[Ok][Addition] - [BE->FE] [P: CesC2CClearRule,CesC2CClearRule,(1124-10-31)] [O: CesConstraint,C2C_RULE,(1124-40-22)]
[Ok][Addition] - [BE->FE] [P: CesC2CClearRule,CesC2CClearRule,(1124-11-31)] [O: CesConstraint,C2C_SCHEME,(1124-41-22)]
[Ok][Addition] - [BE->FE] [P: CesC2CClearRule,CesC2CClearRule,(1124-11-31)] [O: CesConstraint,C2C_FRCLASS,(1124-42-22)]
[Ok][Addition] - [BE->FE] [P: CesC2CClearRule,CesC2CClearRule,(1124-11-31)] [O: CesConstraint,C2C_TOCLASS,(1124-43-22)]
[Ok][Addition] - [BE->FE] [P: CesC2CClearRule,CesC2CClearRule,(1124-11-31)] [O: CesConstraint,C2C_RULE,(1124-44-22)]
[Ok][Addition] - [BE->FE] [P: CesC2CClearRule,CesC2CClearRule,(1124-12-31)] [O: CesConstraint,C2C_SCHEME,(1124-45-22)]
[Ok][Addition] - [BE->FE] [P: CesC2CClearRule,CesC2CClearRule,(1124-12-31)] [O: CesConstraint,C2C_FRCLASS,(1124-46-22)]
[Ok][Addition] - [BE->FE] [P: CesC2CClearRule,CesC2CClearRule,(1124-12-31)] [O: CesConstraint,C2C_TOCLASS,(1124-47-22)]
[Ok][Addition] - [BE->FE] [P: CesC2CClearRule,CesC2CClearRule,(1124-12-31)] [O: CesConstraint,C2C_RULE,(1124-48-22)]
[Ok][Addition] - [BE->FE] [P: CesC2CClearRule,CesC2CClearRule,(1124-13-31)] [O: CesConstraint,C2C_SCHEME,(1124-49-22)]
[Ok][Addition] - [BE->FE] [P: CesC2CClearRule,CesC2CClearRule,(1124-13-31)] [O: CesConstraint,C2C_FRCLASS,(1124-50-22)]
[Ok][Addition] - [BE->FE] [P: CesC2CClearRule,CesC2CClearRule,(1124-13-31)] [O: CesConstraint,C2C_TOCLASS,(1124-51-22)]
[Ok][Addition] - [BE->FE] [P: CesC2CClearRule,CesC2CClearRule,(1124-13-31)] [O: CesConstraint,C2C_RULE,(1124-52-22)]
[Ok][Addition] - [BE->FE] [P: CesC2CClearRule,CesC2CClearRule,(1124-14-31)] [O: CesConstraint,C2C_SCHEME,(1124-53-22)]
[Ok][Addition] - [BE->FE] [P: CesC2CClearRule,CesC2CClearRule,(1124-14-31)] [O: CesConstraint,C2C_FRCLASS,(1124-54-22)]
[Ok][Addition] - [BE->FE] [P: CesC2CClearRule,CesC2CClearRule,(1124-14-31)] [O: CesConstraint,C2C_TOCLASS,(1124-55-22)]
[Ok][Addition] - [BE->FE] [P: CesC2CClearRule,CesC2CClearRule,(1124-14-31)] [O: CesConstraint,C2C_RULE,(1124-56-22)]
[Ok][Addition] - [BE->FE] [P: CesC2CClearRule,CesC2CClearRule,(1124-15-31)] [O: CesConstraint,C2C_SCHEME,(1124-57-22)]
[Ok][Addition] - [BE->FE] [P: CesC2CClearRule,CesC2CClearRule,(1124-15-31)] [O: CesConstraint,C2C_FRCLASS,(1124-58-22)]
[Ok][Addition] - [BE->FE] [P: CesC2CClearRule,CesC2CClearRule,(1124-15-31)] [O: CesConstraint,C2C_TOCLASS,(1124-59-22)]
[Ok][Addition] - [BE->FE] [P: CesC2CClearRule,CesC2CClearRule,(1124-15-31)] [O: CesConstraint,C2C_RULE,(1124-60-22)]
--------------------------------------------------------------------------------
 CES synchronization - END (2023-05-03 11:56:35) 
--------------------------------------------------------------------------------
--------------------------------------------------------------------------------
 VMVariant synchronization - START (2023-05-03 11:56:35) 
--------------------------------------------------------------------------------
--------------------------------------------------------------------------------
 VMVariant synchronization - END (2023-05-03 11:56:35) 
--------------------------------------------------------------------------------
--------------------------------------------------------------------------------
 Project integration - END (2023-05-03 11:56:35) 
--------------------------------------------------------------------------------
