--------------------------------------------------------------------------------
 Project integration - START (2023-04-04 08:00:24) 
--------------------------------------------------------------------------------
FE snapshot name: DxD
BE snapshot name: MIB_Module_layout_temp
Top level block: (2-1-5)
Parameters: BAConnectivity,BAConstraints,FEWin,
--------------------------------------------------------------------------------
--------------------------------------------------------------------------------
 Connection synchronization - START (2023-04-04 08:00:24) 
--------------------------------------------------------------------------------
[Ok][Modification] - [BE->FE] [P: Block,MIB_FPGA_Module,(2-1-5)] [O: FlatComp,SS15-TPCT-ND.1,(108-1-8)]
	Property: Cell Name, Operation: Change
[Ok][Modification] - [BE->FE] [P: Block,MIB_FPGA_Module,(2-1-5)] [O: FlatComp,ADP1741ACPZ-R7.1,(162-1-8)]
	Property: Cell Name, Operation: Change
[Ok][Modification] - [BE->FE] [P: Block,MIB_FPGA_Module,(2-1-5)] [O: FlatComp,Bead_inductor.1,(239-1-8)]
	Property: Cell Name, Operation: Change
[Ok][Modification] - [BE->FE] [P: Block,MIB_FPGA_Module,(2-1-5)] [O: FlatComp,lvds_osc_125mhz_gen.1,(357-1-8)]
	Property: Cell Name, Operation: Change
[Ok][Modification] - [BE->FE] [P: Block,MIB_FPGA_Module,(2-1-5)] [O: FlatComp,TPS6283810YFPR.1,(386-1-8)]
	Property: Cell Name, Operation: Change
[Ok][Modification] - [BE->FE] [P: Block,MIB_FPGA_Module,(2-1-5)] [O: FlatComp,header2x1.1,(474-1-8)]
	Property: Cell Name, Operation: Change
[Ok][Modification] - [BE->FE] [P: Block,MIB_FPGA_Module,(2-1-5)] [O: FlatComp,cap.1,(575-1-8)]
	Property: Cell Name, Operation: Change
[Ok][Modification] - [BE->FE] [P: Block,MIB_FPGA_Module,(2-1-5)] [O: FlatComp,XC7A100T-2FGG484C-A.1,(23-2-8)]
	Property: Cell Name, Operation: Change
[Ok][Modification] - [BE->FE] [P: Block,MIB_FPGA_Module,(2-1-5)] [O: FlatComp,cap.1,(85-2-8)]
	Property: Cell Name, Operation: Change
[Ok][Modification] - [BE->FE] [P: Block,MIB_FPGA_Module,(2-1-5)] [O: FlatComp,Bead_inductor.1,(108-2-8)]
	Property: Cell Name, Operation: Change
[Ok][Modification] - [BE->FE] [P: Block,MIB_FPGA_Module,(2-1-5)] [O: FlatComp,res.1,(474-2-8)]
	Property: Cell Name, Operation: Change
[Ok][Modification] - [BE->FE] [P: Block,MIB_FPGA_Module,(2-1-5)] [O: FlatComp,cap.1,(575-2-8)]
	Property: Cell Name, Operation: Change
[Ok][Modification] - [BE->FE] [P: Block,MIB_FPGA_Module,(2-1-5)] [O: FlatComp,DS04-254-2-03BK-SMT.1,(695-2-8)]
	Property: Cell Name, Operation: Change
[Ok][Modification] - [BE->FE] [P: Block,MIB_FPGA_Module,(2-1-5)] [O: FlatComp,cap.1,(85-3-8)]
	Property: Cell Name, Operation: Change
[Ok][Modification] - [BE->FE] [P: Block,MIB_FPGA_Module,(2-1-5)] [O: FlatComp,cap.1,(162-3-8)]
	Property: Cell Name, Operation: Change
[Ok][Modification] - [BE->FE] [P: Block,MIB_FPGA_Module,(2-1-5)] [O: FlatComp,res.1,(575-3-8)]
	Property: Cell Name, Operation: Change
[Ok][Modification] - [BE->FE] [P: Block,MIB_FPGA_Module,(2-1-5)] [O: FlatComp,cap.1,(85-4-8)]
	Property: Cell Name, Operation: Change
[Ok][Modification] - [BE->FE] [P: Block,MIB_FPGA_Module,(2-1-5)] [O: FlatComp,cap.1,(95-4-8)]
	Property: Cell Name, Operation: Change
[Ok][Modification] - [BE->FE] [P: Block,MIB_FPGA_Module,(2-1-5)] [O: FlatComp,Bead_inductor.1,(108-4-8)]
	Property: Cell Name, Operation: Change
[Ok][Modification] - [BE->FE] [P: Block,MIB_FPGA_Module,(2-1-5)] [O: FlatComp,cap.1,(111-4-8)]
	Property: Cell Name, Operation: Change
[Ok][Modification] - [BE->FE] [P: Block,MIB_FPGA_Module,(2-1-5)] [O: FlatComp,res.1,(162-4-8)]
	Property: Cell Name, Operation: Change
[Ok][Modification] - [BE->FE] [P: Block,MIB_FPGA_Module,(2-1-5)] [O: FlatComp,res.1,(386-4-8)]
	Property: Cell Name, Operation: Change
[Ok][Modification] - [BE->FE] [P: Block,MIB_FPGA_Module,(2-1-5)] [O: FlatComp,LSHM-130-04-0-L-DV-A-N-K-TR.1,(427-4-8)]
	Property: Cell Name, Operation: Change
[Ok][Modification] - [BE->FE] [P: Block,MIB_FPGA_Module,(2-1-5)] [O: FlatComp,res.1,(695-4-8)]
	Property: Cell Name, Operation: Change
[Ok][Modification] - [BE->FE] [P: Block,MIB_FPGA_Module,(2-1-5)] [O: FlatComp,cap.1,(85-5-8)]
	Property: Cell Name, Operation: Change
[Ok][Modification] - [BE->FE] [P: Block,MIB_FPGA_Module,(2-1-5)] [O: FlatComp,cap.1,(95-5-8)]
	Property: Cell Name, Operation: Change
[Ok][Modification] - [BE->FE] [P: Block,MIB_FPGA_Module,(2-1-5)] [O: FlatComp,cap.1,(111-5-8)]
	Property: Cell Name, Operation: Change
[Ok][Modification] - [BE->FE] [P: Block,MIB_FPGA_Module,(2-1-5)] [O: FlatComp,res.1,(162-5-8)]
	Property: Cell Name, Operation: Change
[Ok][Modification] - [BE->FE] [P: Block,MIB_FPGA_Module,(2-1-5)] [O: FlatComp,res.1,(695-5-8)]
	Property: Cell Name, Operation: Change
[Ok][Modification] - [BE->FE] [P: Block,MIB_FPGA_Module,(2-1-5)] [O: FlatComp,XC7A100T-2FGG484C-B.1,(23-6-8)]
	Property: Cell Name, Operation: Change
[Ok][Modification] - [BE->FE] [P: Block,MIB_FPGA_Module,(2-1-5)] [O: FlatComp,cap.1,(85-6-8)]
	Property: Cell Name, Operation: Change
[Ok][Modification] - [BE->FE] [P: Block,MIB_FPGA_Module,(2-1-5)] [O: FlatComp,cap.1,(95-6-8)]
	Property: Cell Name, Operation: Change
[Ok][Modification] - [BE->FE] [P: Block,MIB_FPGA_Module,(2-1-5)] [O: FlatComp,cap.1,(108-6-8)]
	Property: Cell Name, Operation: Change
[Ok][Modification] - [BE->FE] [P: Block,MIB_FPGA_Module,(2-1-5)] [O: FlatComp,cap.1,(111-6-8)]
	Property: Cell Name, Operation: Change
[Ok][Modification] - [BE->FE] [P: Block,MIB_FPGA_Module,(2-1-5)] [O: FlatComp,res.1,(695-6-8)]
	Property: Cell Name, Operation: Change
[Ok][Modification] - [BE->FE] [P: Block,MIB_FPGA_Module,(2-1-5)] [O: FlatComp,pol_cap.1,(4-7-8)]
	Property: Cell Name, Operation: Change
[Ok][Modification] - [BE->FE] [P: Block,MIB_FPGA_Module,(2-1-5)] [O: FlatComp,XC7A100T-2FGG484C-C.1,(23-7-8)]
	Property: Cell Name, Operation: Change
[Ok][Modification] - [BE->FE] [P: Block,MIB_FPGA_Module,(2-1-5)] [O: FlatComp,cap.1,(85-7-8)]
	Property: Cell Name, Operation: Change
[Ok][Modification] - [BE->FE] [P: Block,MIB_FPGA_Module,(2-1-5)] [O: FlatComp,cap.1,(95-7-8)]
	Property: Cell Name, Operation: Change
[Ok][Modification] - [BE->FE] [P: Block,MIB_FPGA_Module,(2-1-5)] [O: FlatComp,cap.1,(108-7-8)]
	Property: Cell Name, Operation: Change
[Ok][Modification] - [BE->FE] [P: Block,MIB_FPGA_Module,(2-1-5)] [O: FlatComp,cap.1,(162-7-8)]
	Property: Cell Name, Operation: Change
[Ok][Modification] - [BE->FE] [P: Block,MIB_FPGA_Module,(2-1-5)] [O: FlatComp,cap.1,(427-7-8)]
	Property: Cell Name, Operation: Change
[Ok][Modification] - [BE->FE] [P: Block,MIB_FPGA_Module,(2-1-5)] [O: FlatComp,cap.1,(575-7-8)]
	Property: Cell Name, Operation: Change
[Ok][Modification] - [BE->FE] [P: Block,MIB_FPGA_Module,(2-1-5)] [O: FlatComp,XC7A100T-2FGG484C-D.1,(23-8-8)]
	Property: Cell Name, Operation: Change
[Ok][Modification] - [BE->FE] [P: Block,MIB_FPGA_Module,(2-1-5)] [O: FlatComp,cap.1,(111-8-8)]
	Property: Cell Name, Operation: Change
[Ok][Modification] - [BE->FE] [P: Block,MIB_FPGA_Module,(2-1-5)] [O: FlatComp,Bead_inductor.1,(386-8-8)]
	Property: Cell Name, Operation: Change
[Ok][Modification] - [BE->FE] [P: Block,MIB_FPGA_Module,(2-1-5)] [O: FlatComp,cap.1,(575-8-8)]
	Property: Cell Name, Operation: Change
[Ok][Modification] - [BE->FE] [P: Block,MIB_FPGA_Module,(2-1-5)] [O: FlatComp,XC7A100T-2FGG484C-E.1,(23-9-8)]
	Property: Cell Name, Operation: Change
[Ok][Modification] - [BE->FE] [P: Block,MIB_FPGA_Module,(2-1-5)] [O: FlatComp,cap.1,(111-9-8)]
	Property: Cell Name, Operation: Change
[Ok][Modification] - [BE->FE] [P: Block,MIB_FPGA_Module,(2-1-5)] [O: FlatComp,lvds_osc_125mhz_gen.1,(357-9-8)]
	Property: Cell Name, Operation: Change
[Ok][Modification] - [BE->FE] [P: Block,MIB_FPGA_Module,(2-1-5)] [O: FlatComp,cap.1,(386-9-8)]
	Property: Cell Name, Operation: Change
[Ok][Modification] - [BE->FE] [P: Block,MIB_FPGA_Module,(2-1-5)] [O: FlatComp,res.1,(575-9-8)]
	Property: Cell Name, Operation: Change
[Ok][Modification] - [BE->FE] [P: Block,MIB_FPGA_Module,(2-1-5)] [O: FlatComp,XC7A100T-2FGG484C-F.1,(23-10-8)]
	Property: Cell Name, Operation: Change
[Ok][Modification] - [BE->FE] [P: Block,MIB_FPGA_Module,(2-1-5)] [O: FlatComp,cap.1,(85-10-8)]
	Property: Cell Name, Operation: Change
[Ok][Modification] - [BE->FE] [P: Block,MIB_FPGA_Module,(2-1-5)] [O: FlatComp,cap.1,(386-10-8)]
	Property: Cell Name, Operation: Change
[Ok][Modification] - [BE->FE] [P: Block,MIB_FPGA_Module,(2-1-5)] [O: FlatComp,cap.1,(85-11-8)]
	Property: Cell Name, Operation: Change
[Ok][Modification] - [BE->FE] [P: Block,MIB_FPGA_Module,(2-1-5)] [O: FlatComp,cap.1,(357-11-8)]
	Property: Cell Name, Operation: Change
[Ok][Modification] - [BE->FE] [P: Block,MIB_FPGA_Module,(2-1-5)] [O: FlatComp,screw_term_3.1,(427-11-8)]
	Property: Cell Name, Operation: Change
[Ok][Modification] - [BE->FE] [P: Block,MIB_FPGA_Module,(2-1-5)] [O: FlatComp,res.1,(874-11-8)]
	Property: Cell Name, Operation: Change
[Ok][Modification] - [BE->FE] [P: Block,MIB_FPGA_Module,(2-1-5)] [O: FlatComp,XC7A100T-2FGG484C-G.1,(23-12-8)]
	Property: Cell Name, Operation: Change
[Ok][Modification] - [BE->FE] [P: Block,MIB_FPGA_Module,(2-1-5)] [O: FlatComp,cap.1,(85-12-8)]
	Property: Cell Name, Operation: Change
[Ok][Modification] - [BE->FE] [P: Block,MIB_FPGA_Module,(2-1-5)] [O: FlatComp,cap.1,(111-12-8)]
	Property: Cell Name, Operation: Change
[Ok][Modification] - [BE->FE] [P: Block,MIB_FPGA_Module,(2-1-5)] [O: FlatComp,cap.1,(357-12-8)]
	Property: Cell Name, Operation: Change
[Ok][Modification] - [BE->FE] [P: Block,MIB_FPGA_Module,(2-1-5)] [O: FlatComp,XC7A100T-2FGG484C-H.1,(23-13-8)]
	Property: Cell Name, Operation: Change
[Ok][Modification] - [BE->FE] [P: Block,MIB_FPGA_Module,(2-1-5)] [O: FlatComp,cap.1,(85-13-8)]
	Property: Cell Name, Operation: Change
[Ok][Modification] - [BE->FE] [P: Block,MIB_FPGA_Module,(2-1-5)] [O: FlatComp,cap.1,(111-13-8)]
	Property: Cell Name, Operation: Change
[Ok][Modification] - [BE->FE] [P: Block,MIB_FPGA_Module,(2-1-5)] [O: FlatComp,res.1,(162-13-8)]
	Property: Cell Name, Operation: Change
[Ok][Modification] - [BE->FE] [P: Block,MIB_FPGA_Module,(2-1-5)] [O: FlatComp,cap.1,(85-14-8)]
	Property: Cell Name, Operation: Change
[Ok][Modification] - [BE->FE] [P: Block,MIB_FPGA_Module,(2-1-5)] [O: FlatComp,cap.1,(111-14-8)]
	Property: Cell Name, Operation: Change
[Ok][Modification] - [BE->FE] [P: Block,MIB_FPGA_Module,(2-1-5)] [O: FlatComp,XC7A100T-2FGG484C-I.1,(23-15-8)]
	Property: Cell Name, Operation: Change
[Ok][Modification] - [BE->FE] [P: Block,MIB_FPGA_Module,(2-1-5)] [O: FlatComp,cap.1,(85-15-8)]
	Property: Cell Name, Operation: Change
[Ok][Modification] - [BE->FE] [P: Block,MIB_FPGA_Module,(2-1-5)] [O: FlatComp,XC7A100T-2FGG484C-J.1,(23-16-8)]
	Property: Cell Name, Operation: Change
[Ok][Modification] - [BE->FE] [P: Block,MIB_FPGA_Module,(2-1-5)] [O: FlatComp,cap.1,(111-16-8)]
	Property: Cell Name, Operation: Change
[Ok][Modification] - [BE->FE] [P: Block,MIB_FPGA_Module,(2-1-5)] [O: FlatComp,cap.1,(111-17-8)]
	Property: Cell Name, Operation: Change
[Ok][Modification] - [BE->FE] [P: Block,MIB_FPGA_Module,(2-1-5)] [O: FlatComp,cap.1,(95-18-8)]
	Property: Cell Name, Operation: Change
[Ok][Modification] - [BE->FE] [P: Block,MIB_FPGA_Module,(2-1-5)] [O: FlatComp,cap.1,(95-19-8)]
	Property: Cell Name, Operation: Change
[Ok][Modification] - [BE->FE] [P: Block,MIB_FPGA_Module,(2-1-5)] [O: FlatComp,cap.1,(111-19-8)]
	Property: Cell Name, Operation: Change
[Ok][Modification] - [BE->FE] [P: Block,MIB_FPGA_Module,(2-1-5)] [O: FlatComp,cap.1,(85-20-8)]
	Property: Cell Name, Operation: Change
[Ok][Modification] - [BE->FE] [P: Block,MIB_FPGA_Module,(2-1-5)] [O: FlatComp,cap.1,(95-20-8)]
	Property: Cell Name, Operation: Change
[Ok][Modification] - [BE->FE] [P: Block,MIB_FPGA_Module,(2-1-5)] [O: FlatComp,cap.1,(111-20-8)]
	Property: Cell Name, Operation: Change
[Ok][Modification] - [BE->FE] [P: Block,MIB_FPGA_Module,(2-1-5)] [O: FlatComp,cap.1,(85-21-8)]
	Property: Cell Name, Operation: Change
[Ok][Modification] - [BE->FE] [P: Block,MIB_FPGA_Module,(2-1-5)] [O: FlatComp,cap.1,(95-21-8)]
	Property: Cell Name, Operation: Change
[Ok][Modification] - [BE->FE] [P: Block,MIB_FPGA_Module,(2-1-5)] [O: FlatComp,cap.1,(85-22-8)]
	Property: Cell Name, Operation: Change
[Ok][Modification] - [BE->FE] [P: Block,MIB_FPGA_Module,(2-1-5)] [O: FlatComp,cap.1,(111-22-8)]
	Property: Cell Name, Operation: Change
[Ok][Modification] - [BE->FE] [P: Block,MIB_FPGA_Module,(2-1-5)] [O: FlatComp,res.1,(188-22-8)]
	Property: Cell Name, Operation: Change
[Ok][Modification] - [BE->FE] [P: Block,MIB_FPGA_Module,(2-1-5)] [O: FlatComp,cap.1,(85-23-8)]
	Property: Cell Name, Operation: Change
[Ok][Modification] - [BE->FE] [P: Block,MIB_FPGA_Module,(2-1-5)] [O: FlatComp,res.1,(95-23-8)]
	Property: Cell Name, Operation: Change
[Ok][Modification] - [BE->FE] [P: Block,MIB_FPGA_Module,(2-1-5)] [O: FlatComp,cap.1,(85-24-8)]
	Property: Cell Name, Operation: Change
[Ok][Modification] - [BE->FE] [P: Block,MIB_FPGA_Module,(2-1-5)] [O: FlatComp,res.1,(188-24-8)]
	Property: Cell Name, Operation: Change
[Ok][Modification] - [BE->FE] [P: Block,MIB_FPGA_Module,(2-1-5)] [O: FlatComp,cap.1,(85-25-8)]
	Property: Cell Name, Operation: Change
[Ok][Modification] - [BE->FE] [P: Block,MIB_FPGA_Module,(2-1-5)] [O: FlatComp,cap.1,(111-25-8)]
	Property: Cell Name, Operation: Change
[Ok][Modification] - [BE->FE] [P: Block,MIB_FPGA_Module,(2-1-5)] [O: FlatComp,cap.1,(111-26-8)]
	Property: Cell Name, Operation: Change
[Ok][Modification] - [BE->FE] [P: Block,MIB_FPGA_Module,(2-1-5)] [O: FlatComp,TPS2116DRLR.1,(376-26-8)]
	Property: Cell Name, Operation: Change
[Ok][Modification] - [BE->FE] [P: Block,MIB_FPGA_Module,(2-1-5)] [O: FlatComp,cap.1,(95-27-8)]
	Property: Cell Name, Operation: Change
[Ok][Modification] - [BE->FE] [P: Block,MIB_FPGA_Module,(2-1-5)] [O: FlatComp,cap.1,(85-28-8)]
	Property: Cell Name, Operation: Change
[Ok][Modification] - [BE->FE] [P: Block,MIB_FPGA_Module,(2-1-5)] [O: FlatComp,cap.1,(188-28-8)]
	Property: Cell Name, Operation: Change
[Ok][Modification] - [BE->FE] [P: Block,MIB_FPGA_Module,(2-1-5)] [O: FlatComp,cap.1,(85-29-8)]
	Property: Cell Name, Operation: Change
[Ok][Modification] - [BE->FE] [P: Block,MIB_FPGA_Module,(2-1-5)] [O: FlatComp,cap.1,(85-30-8)]
	Property: Cell Name, Operation: Change
[Ok][Modification] - [BE->FE] [P: Block,MIB_FPGA_Module,(2-1-5)] [O: FlatComp,res.1,(188-30-8)]
	Property: Cell Name, Operation: Change
[Ok][Modification] - [BE->FE] [P: Block,MIB_FPGA_Module,(2-1-5)] [O: FlatComp,res.1,(376-30-8)]
	Property: Cell Name, Operation: Change
[Ok][Modification] - [BE->FE] [P: Block,MIB_FPGA_Module,(2-1-5)] [O: FlatComp,cap.1,(85-31-8)]
	Property: Cell Name, Operation: Change
[Ok][Modification] - [BE->FE] [P: Block,MIB_FPGA_Module,(2-1-5)] [O: FlatComp,res.1,(188-31-8)]
	Property: Cell Name, Operation: Change
[Ok][Modification] - [BE->FE] [P: Block,MIB_FPGA_Module,(2-1-5)] [O: FlatComp,cap.1,(85-32-8)]
	Property: Cell Name, Operation: Change
[Ok][Modification] - [BE->FE] [P: Block,MIB_FPGA_Module,(2-1-5)] [O: FlatComp,cap.1,(188-32-8)]
	Property: Cell Name, Operation: Change
[Ok][Modification] - [BE->FE] [P: Block,MIB_FPGA_Module,(2-1-5)] [O: FlatComp,res.1,(376-32-8)]
	Property: Cell Name, Operation: Change
[Ok][Modification] - [BE->FE] [P: Block,MIB_FPGA_Module,(2-1-5)] [O: FlatComp,cap.1,(85-33-8)]
	Property: Cell Name, Operation: Change
[Ok][Modification] - [BE->FE] [P: Block,MIB_FPGA_Module,(2-1-5)] [O: FlatComp,res.1,(95-33-8)]
	Property: Cell Name, Operation: Change
[Ok][Modification] - [BE->FE] [P: Block,MIB_FPGA_Module,(2-1-5)] [O: FlatComp,res.1,(95-34-8)]
	Property: Cell Name, Operation: Change
[Ok][Modification] - [BE->FE] [P: Block,MIB_FPGA_Module,(2-1-5)] [O: FlatComp,ADP1741ACPZ-R7.1,(188-34-8)]
	Property: Cell Name, Operation: Change
[Ok][Modification] - [BE->FE] [P: Block,MIB_FPGA_Module,(2-1-5)] [O: FlatComp,res.1,(376-35-8)]
	Property: Cell Name, Operation: Change
[Ok][Modification] - [BE->FE] [P: Block,MIB_FPGA_Module,(2-1-5)] [O: FlatComp,res.1,(376-37-8)]
	Property: Cell Name, Operation: Change
[Ok][Modification] - [BE->FE] [P: Block,MIB_FPGA_Module,(2-1-5)] [O: FlatComp,res.1,(188-41-8)]
	Property: Cell Name, Operation: Change
[Ok][Modification] - [BE->FE] [P: Block,MIB_FPGA_Module,(2-1-5)] [O: FlatComp,TPS2116DRLR.1,(376-41-8)]
	Property: Cell Name, Operation: Change
[Ok][Modification] - [BE->FE] [P: Block,MIB_FPGA_Module,(2-1-5)] [O: FlatComp,cap.1,(188-45-8)]
	Property: Cell Name, Operation: Change
[Ok][Modification] - [BE->FE] [P: Block,MIB_FPGA_Module,(2-1-5)] [O: FlatComp,cap.1,(188-47-8)]
	Property: Cell Name, Operation: Change
[Ok][Modification] - [BE->FE] [P: Block,MIB_FPGA_Module,(2-1-5)] [O: FlatComp,cap.1,(95-50-8)]
	Property: Cell Name, Operation: Change
[Ok][Modification] - [BE->FE] [P: Block,MIB_FPGA_Module,(2-1-5)] [O: FlatComp,cap.1,(95-51-8)]
	Property: Cell Name, Operation: Change
[Ok][Modification] - [BE->FE] [P: Block,MIB_FPGA_Module,(2-1-5)] [O: FlatComp,cap.1,(95-52-8)]
	Property: Cell Name, Operation: Change
[Ok][Modification] - [BE->FE] [P: Block,MIB_FPGA_Module,(2-1-5)] [O: FlatComp,cap.1,(95-53-8)]
	Property: Cell Name, Operation: Change
[Ok][Modification] - [BE->FE] [P: Block,MIB_FPGA_Module,(2-1-5)] [O: FlatComp,cap.1,(95-54-8)]
	Property: Cell Name, Operation: Change
[Ok][Modification] - [BE->FE] [P: Block,MIB_FPGA_Module,(2-1-5)] [O: FlatComp,cap.1,(95-55-8)]
	Property: Cell Name, Operation: Change
[Ok][Modification] - [BE->FE] [P: Block,MIB_FPGA_Module,(2-1-5)] [O: FlatComp,cap.1,(95-56-8)]
	Property: Cell Name, Operation: Change
[Ok][Modification] - [BE->FE] [P: Block,MIB_FPGA_Module,(2-1-5)] [O: FlatComp,cap.1,(95-57-8)]
	Property: Cell Name, Operation: Change
[Ok][Modification] - [BE->FE] [P: Block,MIB_FPGA_Module,(2-1-5)] [O: FlatComp,cap.1,(95-58-8)]
	Property: Cell Name, Operation: Change
[Ok][Modification] - [BE->FE] [P: Block,MIB_FPGA_Module,(2-1-5)] [O: FlatComp,cap.1,(95-59-8)]
	Property: Cell Name, Operation: Change
[Ok][Modification] - [BE->FE] [P: Block,MIB_FPGA_Module,(2-1-5)] [O: FlatComp,cap.1,(95-60-8)]
	Property: Cell Name, Operation: Change
[Ok][Modification] - [BE->FE] [P: Block,MIB_FPGA_Module,(2-1-5)] [O: FlatComp,cap.1,(95-61-8)]
	Property: Cell Name, Operation: Change
[Ok][Modification] - [BE->FE] [P: Block,MIB_FPGA_Module,(2-1-5)] [O: FlatComp,cap.1,(95-62-8)]
	Property: Cell Name, Operation: Change
[Ok][Modification] - [BE->FE] [P: Block,MIB_FPGA_Module,(2-1-5)] [O: FlatComp,cap.1,(95-65-8)]
	Property: Cell Name, Operation: Change
[Ok][Modification] - [BE->FE] [P: Block,MIB_FPGA_Module,(2-1-5)] [O: FlatComp,cap.1,(95-66-8)]
	Property: Cell Name, Operation: Change
[Ok][Modification] - [BE->FE] [P: Block,MIB_FPGA_Module,(2-1-5)] [O: FlatComp,cap.1,(95-67-8)]
	Property: Cell Name, Operation: Change
[Ok][Modification] - [BE->FE] [P: Block,MIB_FPGA_Module,(2-1-5)] [O: FlatComp,cap.1,(95-68-8)]
	Property: Cell Name, Operation: Change
[Ok][Modification] - [BE->FE] [P: Block,MIB_FPGA_Module,(2-1-5)] [O: FlatComp,cap.1,(246-68-8)]
	Property: Cell Name, Operation: Change
[Ok][Modification] - [BE->FE] [P: Block,MIB_FPGA_Module,(2-1-5)] [O: FlatComp,cap.1,(95-69-8)]
	Property: Cell Name, Operation: Change
[Ok][Modification] - [BE->FE] [P: Block,MIB_FPGA_Module,(2-1-5)] [O: FlatComp,cap.1,(95-70-8)]
	Property: Cell Name, Operation: Change
[Ok][Modification] - [BE->FE] [P: Block,MIB_FPGA_Module,(2-1-5)] [O: FlatComp,jtag_hdr14_smt.1,(246-70-8)]
	Property: Cell Name, Operation: Change
[Ok][Modification] - [BE->FE] [P: Block,MIB_FPGA_Module,(2-1-5)] [O: FlatComp,cap.1,(95-71-8)]
	Property: Cell Name, Operation: Change
[Ok][Modification] - [BE->FE] [P: Block,MIB_FPGA_Module,(2-1-5)] [O: FlatComp,cap.1,(95-72-8)]
	Property: Cell Name, Operation: Change
[Ok][Modification] - [BE->FE] [P: Block,MIB_FPGA_Module,(2-1-5)] [O: FlatComp,cap.1,(95-73-8)]
	Property: Cell Name, Operation: Change
[Ok][Modification] - [BE->FE] [P: Block,MIB_FPGA_Module,(2-1-5)] [O: FlatComp,cap.1,(95-74-8)]
	Property: Cell Name, Operation: Change
[Ok][Modification] - [BE->FE] [P: Block,MIB_FPGA_Module,(2-1-5)] [O: FlatComp,S25FL256SAGBHI200.1,(246-74-8)]
	Property: Cell Name, Operation: Change
[Ok][Modification] - [BE->FE] [P: Block,MIB_FPGA_Module,(2-1-5)] [O: FlatComp,cap.1,(95-75-8)]
	Property: Cell Name, Operation: Change
[Ok][Modification] - [BE->FE] [P: Block,MIB_FPGA_Module,(2-1-5)] [O: FlatComp,cap.1,(246-75-8)]
	Property: Cell Name, Operation: Change
[Ok][Modification] - [BE->FE] [P: Block,MIB_FPGA_Module,(2-1-5)] [O: FlatComp,cap.1,(95-76-8)]
	Property: Cell Name, Operation: Change
[Ok][Modification] - [BE->FE] [P: Block,MIB_FPGA_Module,(2-1-5)] [O: FlatComp,res.1,(246-77-8)]
	Property: Cell Name, Operation: Change
[Ok][Modification] - [BE->FE] [P: Block,MIB_FPGA_Module,(2-1-5)] [O: FlatComp,res.1,(246-78-8)]
	Property: Cell Name, Operation: Change
[Ok][Modification] - [BE->FE] [P: Block,MIB_FPGA_Module,(2-1-5)] [O: FlatComp,cap.1,(95-79-8)]
	Property: Cell Name, Operation: Change
[Ok][Modification] - [BE->FE] [P: Block,MIB_FPGA_Module,(2-1-5)] [O: FlatComp,cap.1,(95-94-8)]
	Property: Cell Name, Operation: Change
[Ok][Modification] - [BE->FE] [P: Block,MIB_FPGA_Module,(2-1-5)] [O: FlatComp,cap.1,(95-95-8)]
	Property: Cell Name, Operation: Change
[Ok][Modification] - [BE->FE] [P: Block,MIB_FPGA_Module,(2-1-5)] [O: FlatComp,cap.1,(95-96-8)]
	Property: Cell Name, Operation: Change
[Ok][Modification] - [BE->FE] [P: Block,MIB_FPGA_Module,(2-1-5)] [O: FlatComp,cap.1,(95-97-8)]
	Property: Cell Name, Operation: Change
[Ok][Modification] - [BE->FE] [P: Block,MIB_FPGA_Module,(2-1-5)] [O: FlatComp,cap.1,(95-98-8)]
	Property: Cell Name, Operation: Change
[Ok][Modification] - [BE->FE] [P: Block,MIB_FPGA_Module,(2-1-5)] [O: FlatComp,cap.1,(95-99-8)]
	Property: Cell Name, Operation: Change
[Ok][Modification] - [BE->FE] [P: Block,MIB_FPGA_Module,(2-1-5)] [O: FlatComp,cap.1,(95-103-8)]
	Property: Cell Name, Operation: Change
[Ok][Modification] - [BE->FE] [P: Block,MIB_FPGA_Module,(2-1-5)] [O: FlatComp,cap.1,(95-104-8)]
	Property: Cell Name, Operation: Change
[Ok][Modification] - [BE->FE] [P: Block,MIB_FPGA_Module,(2-1-5)] [O: FlatComp,cap.1,(95-105-8)]
	Property: Cell Name, Operation: Change
[Ok][Modification] - [BE->FE] [P: Block,MIB_FPGA_Module,(2-1-5)] [O: FlatComp,cap.1,(95-106-8)]
	Property: Cell Name, Operation: Change
[Ok][Modification] - [BE->FE] [P: Block,MIB_FPGA_Module,(2-1-5)] [O: FlatComp,cap.1,(95-113-8)]
	Property: Cell Name, Operation: Change
[Ok][Modification] - [BE->FE] [P: Block,MIB_FPGA_Module,(2-1-5)] [O: FlatComp,cap.1,(95-114-8)]
	Property: Cell Name, Operation: Change
[Ok][Modification] - [BE->FE] [P: Block,MIB_FPGA_Module,(2-1-5)] [O: FlatComp,cap.1,(95-115-8)]
	Property: Cell Name, Operation: Change
[Ok][Modification] - [BE->FE] [P: Block,MIB_FPGA_Module,(2-1-5)] [O: FlatComp,cap.1,(95-116-8)]
	Property: Cell Name, Operation: Change
[Ok][Modification] - [BE->FE] [P: Block,MIB_FPGA_Module,(2-1-5)] [O: FlatComp,cap.1,(95-117-8)]
	Property: Cell Name, Operation: Change
[Ok][Modification] - [BE->FE] [P: Block,MIB_FPGA_Module,(2-1-5)] [O: FlatComp,cap.1,(95-118-8)]
	Property: Cell Name, Operation: Change
[Ok][Modification] - [BE->FE] [P: Block,MIB_FPGA_Module,(2-1-5)] [O: FlatComp,cap.1,(95-119-8)]
	Property: Cell Name, Operation: Change
[Ok][Modification] - [BE->FE] [P: Block,MIB_FPGA_Module,(2-1-5)] [O: FlatComp,cap.1,(95-120-8)]
	Property: Cell Name, Operation: Change
[Ok][Modification] - [BE->FE] [P: Block,MIB_FPGA_Module,(2-1-5)] [O: FlatComp,cap.1,(95-121-8)]
	Property: Cell Name, Operation: Change
[Ok][Modification] - [BE->FE] [P: Block,MIB_FPGA_Module,(2-1-5)] [O: FlatComp,LSHM-150-04-0-L-DV-A-N-K-TR.1,(2-140-8)]
	Property: Cell Name, Operation: Change
[Ok][Modification] - [BE->FE] [P: Block,MIB_FPGA_Module,(2-1-5)] [O: FlatComp,LSHM-150-04-0-L-DV-A-N-K-TR.1,(2-142-8)]
	Property: Cell Name, Operation: Change
[Ok][Modification] - [BE->FE] [P: Block,MIB_FPGA_Module,(2-1-5)] [O: FlatComp,pol_cap.1,(2-188-8)]
	Property: Cell Name, Operation: Change
--------------------------------------------------------------------------------
 Connection synchronization - END (2023-04-04 08:00:24) 
--------------------------------------------------------------------------------
--------------------------------------------------------------------------------
 CES synchronization - START (2023-04-04 08:00:24) 
--------------------------------------------------------------------------------
[Ok][Modification] - [BE->FE] [O: CesPhysicalNet,B13_L13_P,(2-5-49)]
[Ok][Modification] - [BE->FE] [O: CesPhysicalNet,B13_L13_N,(2-6-49)]
[Ok][Modification] - [BE->FE] [O: CesPhysicalNet,B13_L12_P,(2-19-49)]
[Ok][Modification] - [BE->FE] [O: CesPhysicalNet,B13_L12_N,(2-20-49)]
[Ok][Modification] - [BE->FE] [O: CesPhysicalNet,MGT_TX0_N,(2-335-49)]
[Ok][Modification] - [BE->FE] [O: CesPhysicalNet,MGT_TX0_P,(2-336-49)]
[Ok][Modification] - [BE->FE] [O: CesPhysicalNet,MGT_TX1_N,(2-337-49)]
[Ok][Modification] - [BE->FE] [O: CesPhysicalNet,MGT_TX1_P,(2-338-49)]
[Ok][Modification] - [BE->FE] [O: CesPhysicalNet,MGT_RX0_N,(2-343-49)]
[Ok][Modification] - [BE->FE] [O: CesPhysicalNet,MGT_RX0_P,(2-344-49)]
[Ok][Modification] - [BE->FE] [O: CesPhysicalNet,MGT_RX1_N,(2-345-49)]
[Ok][Modification] - [BE->FE] [O: CesPhysicalNet,MGT_RX1_P,(2-346-49)]
[Ok][Modification] - [BE->FE] [O: CesPhysicalNet,MGT_CLK1_N,(2-351-49)]
[Ok][Modification] - [BE->FE] [O: CesPhysicalNet,MGT_CLK1_P,(2-352-49)]
[Ok][Modification] - [BE->FE] [O: CesPhysicalNet,B14_L10_P,(4-1-49)]
[Ok][Modification] - [BE->FE] [O: CesPhysicalNet,B14_L10_N,(4-2-49)]
[Ok][Modification] - [BE->FE] [O: CesPhysicalNet,B14_L12_P,(4-4-49)]
[Ok][Modification] - [BE->FE] [O: CesPhysicalNet,B14_L12_N,(4-5-49)]
[Ok][Modification] - [BE->FE] [O: CesPhysicalNet,B14_L11_P,(4-6-49)]
[Ok][Modification] - [BE->FE] [O: CesPhysicalNet,B14_L11_N,(4-7-49)]
[Ok][Modification] - [BE->FE] [O: CesPhysicalNet,B14_L14_P,(4-8-49)]
[Ok][Modification] - [BE->FE] [O: CesPhysicalNet,B14_L14_N,(4-9-49)]
[Ok][Modification] - [BE->FE] [O: CesPhysicalNet,B14_L13_P,(4-10-49)]
[Ok][Modification] - [BE->FE] [O: CesPhysicalNet,B14_L13_N,(4-11-49)]
[Ok][Modification] - [BE->FE] [O: CesPhysicalNet,B14_L8_N,(4-12-49)]
[Ok][Modification] - [BE->FE] [O: CesPhysicalNet,B14_L8_P,(4-13-49)]
[Ok][Modification] - [BE->FE] [O: CesPhysicalNet,B14_L17_N,(4-14-49)]
[Ok][Modification] - [BE->FE] [O: CesPhysicalNet,B14_L17_P,(4-15-49)]
[Ok][Modification] - [BE->FE] [O: CesPhysicalNet,B14_L16_P,(4-16-49)]
[Ok][Modification] - [BE->FE] [O: CesPhysicalNet,B14_L16_N,(4-17-49)]
[Ok][Modification] - [BE->FE] [O: CesPhysicalNet,B14_L15_P,(4-18-49)]
[Ok][Modification] - [BE->FE] [O: CesPhysicalNet,B14_L15_N,(4-19-49)]
[Ok][Modification] - [BE->FE] [O: CesPhysicalNet,B15_L9_N,(4-20-49)]
[Ok][Modification] - [BE->FE] [O: CesPhysicalNet,B15_L9_P,(4-21-49)]
[Ok][Modification] - [BE->FE] [O: CesPhysicalNet,B15_L8_N,(4-22-49)]
[Ok][Modification] - [BE->FE] [O: CesPhysicalNet,B15_L8_P,(4-23-49)]
[Ok][Modification] - [BE->FE] [O: CesPhysicalNet,B15_L7_N,(4-24-49)]
[Ok][Modification] - [BE->FE] [O: CesPhysicalNet,B15_L7_P,(4-25-49)]
[Ok][Modification] - [BE->FE] [O: CesPhysicalNet,B15_L19_N,(4-30-49)]
[Ok][Modification] - [BE->FE] [O: CesPhysicalNet,B15_L19_P,(4-31-49)]
[Ok][Modification] - [BE->FE] [O: CesPhysicalNet,B15_L14_P,(4-32-49)]
[Ok][Modification] - [BE->FE] [O: CesPhysicalNet,B15_L14_N,(4-33-49)]
[Ok][Modification] - [BE->FE] [O: CesPhysicalNet,B15_L11_P,(4-36-49)]
[Ok][Modification] - [BE->FE] [O: CesPhysicalNet,B15_L11_N,(4-37-49)]
[Ok][Modification] - [BE->FE] [O: CesPhysicalNet,B15_L17_N,(4-40-49)]
[Ok][Modification] - [BE->FE] [O: CesPhysicalNet,B15_L17_P,(4-41-49)]
[Ok][Modification] - [BE->FE] [O: CesPhysicalNet,B15_L1_P,(4-44-49)]
[Ok][Modification] - [BE->FE] [O: CesPhysicalNet,B15_L1_N,(4-45-49)]
[Ok][Modification] - [BE->FE] [O: CesPhysicalNet,B15_L2_N,(4-46-49)]
[Ok][Modification] - [BE->FE] [O: CesPhysicalNet,B15_L2_P,(4-47-49)]
[Ok][Modification] - [BE->FE] [O: CesPhysicalNet,B15_L4_P,(4-48-49)]
[Ok][Modification] - [BE->FE] [O: CesPhysicalNet,B15_L4_N,(4-49-49)]
[Ok][Modification] - [BE->FE] [O: CesPhysicalNet,B15_L10_N,(4-53-49)]
[Ok][Modification] - [BE->FE] [O: CesPhysicalNet,B15_L10_P,(4-54-49)]
[Ok][Modification] - [BE->FE] [O: CesPhysicalNet,B15_L20_P,(4-57-49)]
[Ok][Modification] - [BE->FE] [O: CesPhysicalNet,B15_L20_N,(4-58-49)]
[Ok][Modification] - [BE->FE] [O: CesPhysicalNet,B15_L15_P,(4-59-49)]
[Ok][Modification] - [BE->FE] [O: CesPhysicalNet,B15_L15_N,(4-60-49)]
[Ok][Modification] - [BE->FE] [O: CesPhysicalNet,B15_L21_P,(4-63-49)]
[Ok][Modification] - [BE->FE] [O: CesPhysicalNet,B15_L21_N,(4-64-49)]
[Ok][Modification] - [BE->FE] [O: CesPhysicalNet,B15_L22_N,(4-67-49)]
[Ok][Modification] - [BE->FE] [O: CesPhysicalNet,B15_L22_P,(4-68-49)]
[Ok][Modification] - [BE->FE] [O: CesPhysicalNet,B13_L6_N,(4-79-49)]
[Ok][Modification] - [BE->FE] [O: CesPhysicalNet,B13_L6_P,(4-80-49)]
[Ok][Modification] - [BE->FE] [O: CesPhysicalNet,B13_L5_N,(4-81-49)]
[Ok][Modification] - [BE->FE] [O: CesPhysicalNet,B13_L5_P,(4-82-49)]
[Ok][Modification] - [BE->FE] [O: CesPhysicalNet,B13_L3_P,(4-83-49)]
[Ok][Modification] - [BE->FE] [O: CesPhysicalNet,B13_L3_N,(4-84-49)]
[Ok][Modification] - [BE->FE] [O: CesPhysicalNet,B13_L11_N,(4-85-49)]
[Ok][Modification] - [BE->FE] [O: CesPhysicalNet,B13_L11_P,(4-86-49)]
[Ok][Modification] - [BE->FE] [O: CesPhysicalNet,B13_L9_N,(4-87-49)]
[Ok][Modification] - [BE->FE] [O: CesPhysicalNet,B13_L9_P,(4-88-49)]
[Ok][Modification] - [BE->FE] [O: CesPhysicalNet,B16_L23_P,(4-94-49)]
[Ok][Modification] - [BE->FE] [O: CesPhysicalNet,B16_L23_N,(4-95-49)]
[Ok][Modification] - [BE->FE] [O: CesPhysicalNet,B16_L20_P,(4-98-49)]
[Ok][Modification] - [BE->FE] [O: CesPhysicalNet,B16_L20_N,(4-99-49)]
[Ok][Modification] - [BE->FE] [O: CesPhysicalNet,B16_L22_P,(4-100-49)]
[Ok][Modification] - [BE->FE] [O: CesPhysicalNet,B16_L22_N,(4-101-49)]
[Ok][Modification] - [BE->FE] [O: CesPhysicalNet,B16_L24_N,(4-102-49)]
[Ok][Modification] - [BE->FE] [O: CesPhysicalNet,B16_L24_P,(4-103-49)]
[Ok][Modification] - [BE->FE] [O: CesPhysicalNet,B16_L19_N,(4-104-49)]
[Ok][Modification] - [BE->FE] [O: CesPhysicalNet,B16_L19_P,(4-105-49)]
[Ok][Modification] - [BE->FE] [O: CesPhysicalNet,B16_L16_P,(4-106-49)]
[Ok][Modification] - [BE->FE] [O: CesPhysicalNet,B16_L16_N,(4-107-49)]
[Ok][Modification] - [BE->FE] [O: CesPhysicalNet,B16_L18_N,(4-110-49)]
[Ok][Modification] - [BE->FE] [O: CesPhysicalNet,B16_L18_P,(4-111-49)]
[Ok][Modification] - [BE->FE] [O: CesPhysicalNet,B16_L9_N,(4-112-49)]
[Ok][Modification] - [BE->FE] [O: CesPhysicalNet,B16_L9_P,(4-113-49)]
[Ok][Modification] - [BE->FE] [O: CesPhysicalNet,B16_L6_N,(4-124-49)]
[Ok][Modification] - [BE->FE] [O: CesPhysicalNet,B16_L6_P,(4-125-49)]
[Ok][Modification] - [BE->FE] [O: CesPhysicalNet,B16_L4_N,(4-128-49)]
[Ok][Modification] - [BE->FE] [O: CesPhysicalNet,B16_L4_P,(4-129-49)]
[Ok][Modification] - [BE->FE] [O: CesPhysicalNet,B16_L14_P,(4-136-49)]
[Ok][Modification] - [BE->FE] [O: CesPhysicalNet,B16_L14_N,(4-137-49)]
[Ok][Modification] - [BE->FE] [O: CesPhysicalNet,B16_L3_N,(4-138-49)]
[Ok][Modification] - [BE->FE] [O: CesPhysicalNet,B16_L3_P,(4-139-49)]
[Ok][Modification] - [BE->FE] [O: CesPhysicalNet,B16_L12_P,(4-140-49)]
[Ok][Modification] - [BE->FE] [O: CesPhysicalNet,B16_L12_N,(4-141-49)]
[Ok][Modification] - [BE->FE] [O: CesPhysicalNet,B14_L18_P,(4-142-49)]
[Ok][Modification] - [BE->FE] [O: CesPhysicalNet,B14_L18_N,(4-143-49)]
[Ok][Modification] - [BE->FE] [O: CesPhysicalNet,B16_L8_N,(4-144-49)]
[Ok][Modification] - [BE->FE] [O: CesPhysicalNet,B16_L8_P,(4-145-49)]
[Ok][Modification] - [BE->FE] [O: CesPhysicalNet,B14_L9_P,(4-146-49)]
[Ok][Modification] - [BE->FE] [O: CesPhysicalNet,B14_L9_N,(4-147-49)]
[Ok][Modification] - [BE->FE] [O: CesPhysicalNet,MGT_CLK0_P,(95-4-49)]
[Ok][Modification] - [BE->FE] [O: CesPhysicalNet,MGT_CLK0_N,(95-5-49)]
[Ok][Modification] - [BE->FE] [O: CesPhysicalNet,CLK125M_1_N,(95-7-49)]
[Ok][Modification] - [BE->FE] [O: CesPhysicalNet,B14_L4_P,(111-9-49)]
[Ok][Modification] - [BE->FE] [O: CesPhysicalNet,B14_L4_N,(111-10-49)]
[Ok][Modification] - [BE->FE] [O: CesPhysicalNet,CLK125M_0_N,(246-23-49)]
[Ok][Modification] - [BE->FE] [O: CesPhysicalNet,CLK125M_0_P,(246-24-49)]
[Ok][Modification] - [BE->FE] [O: CesPhysicalNet,CLK125M_1_P,(246-29-49)]
[Ok][Modification] - [BE->FE] [O: CesPhysicalNet,125M_N,(357-1-49)]
[Ok][Modification] - [BE->FE] [O: CesPhysicalNet,125M_P,(357-2-49)]
[Ok][Modification] - [BE->FE] [O: CesPhysicalNet,B16_L13_P,(856-1-49)]
[Ok][Modification] - [BE->FE] [O: CesPhysicalNet,B16_L13_N,(856-2-49)]
[Ok][Modification] - [BE->FE] [O: CesPhysicalNet,B13_L16_P,(856-3-49)]
[Ok][Modification] - [BE->FE] [O: CesPhysicalNet,B13_L16_N,(856-4-49)]

--------------------------------------------------------------------------------
 TOPOLOGY synchronization - START (2023-04-04 08:00:24) 
--------------------------------------------------------------------------------
--------------------------------------------------------------------------------
 TOPOLOGY synchronization - END (2023-04-04 08:00:24) 
--------------------------------------------------------------------------------
--------------------------------------------------------------------------------
 CES synchronization - END (2023-04-04 08:00:24) 
--------------------------------------------------------------------------------
--------------------------------------------------------------------------------
 VMVariant synchronization - START (2023-04-04 08:00:24) 
--------------------------------------------------------------------------------
--------------------------------------------------------------------------------
 VMVariant synchronization - END (2023-04-04 08:00:24) 
--------------------------------------------------------------------------------
--------------------------------------------------------------------------------
 Project integration - END (2023-04-04 08:00:24) 
--------------------------------------------------------------------------------
