Import Layout Template.
Unpublished work. Copyright 2022 Siemens

This material contains trade secrets or otherwise confidential
information owned by Siemens Industry Software Inc.
or its affiliates (collectively, 'SISW'), or its licensors.
Access to and use of this information is strictly limited
as set forth in the Customer's applicable agreements with SISW.

-prj: Y:\Users\CEG\Central Electronics\Projects\Hastingsp\MENTOR\DUNE\MIB_Module\MIB_Module.prj
-sn: DxD
-topblock: MIB_FPGA_Module
-LT: 10 Layer 1_6mm Standard Build (Newbury Electronics) - imperial units
-log: Y:\Users\CEG\Central Electronics\Projects\Hastingsp\MENTOR\DUNE\MIB_Module\PCB\LogFiles\LT_Import.log

ConsReuse: Copy Layout Template
Source database:
	path: Y:\Users\CEG\CEG_Software\Mentor\Physics CEG Library\Templates\Layout\10 Layer 1_6mm Standard Build (Newbury Electronics) - imperial units/keyin.icdb
	snapshot name: PCB
	topblock name: PCB
Target database:
	path: Y:\Users\CEG\Central Electronics\Projects\Hastingsp\MENTOR\DUNE\MIB_Module\database
	snapshot name: DxD
	topblock name: MIB_FPGA_Module

Transaction started 
Importing Layout Template ...
Importing general clearances ...
	Skip add constraint (name: CMH2MH) - default value: 254000.000000000000000
	Skip add constraint (name: CMH2NC) - default value: 254000.000000000000000
	Skip add constraint (name: PLCOUT2PLCOUT) - default value: 254000.000000000000000
	Skip add constraint (name: PLCOUT2PLCOB) - default value: 254000.000000000000000
	Skip add constraint (name: PLCOUT2BRDEDGE) - default value: 254000.000000000000000
	Skip add constraint (name: TRACE2RESISTOR) - default value: 254000.000000000000000
	Skip add constraint (name: PAD2RESISTOR) - default value: 254000.000000000000000
	Skip add constraint (name: TPCENTER2TPCENTER) - default value: 254000.000000000000000
General clearances imported (time: 1ms, 0s)
Importing layers ...
	Layer 'Soldermask_Top' added.
	Constraint added. Name: LAYER_DESC, value: Solder Mask
	Constraint added. Name: LAYER_USAGE, value: Soldermask
	Constraint added. Name: HEIGHT, value: 25000.000000000000000
	Constraint added. Name: DIELCONST, value: 4.000000000000000
	Constraint added. Name: ER_FREQ, value: 1000000.000000000000000
	Skip add constraint (name: LOSS_TAN) - default value: 0.020000000000000
	Skip add constraint (name: LOSS_TAN_FREQ) - default value: 1000000000.000000000000000
	Constraint added. Name: THERMAL_COND, value: 0.300000000000000
	Skip add constraint (name: ATTACHED_DIELECTRIC) - default value: None
	Layer 'Layer_Top' added.
	Constraint added. Name: LAYER_DESC, value: Microstrip
	Constraint added. Name: LAYER_USAGE, value: Signal
	Constraint added. Name: LAYER_COLOR, value: 16711680
	Constraint added. Name: HEIGHT, value: 18000.000000000000000
	Skip add constraint (name: DIELCONST) - default value: 1.000000000000000
	Constraint added. Name: CONDUCTOR, value: Custom
	Constraint added. Name: TRACE_WIDTH, value: 152400.000000000000000
	Constraint added. Name: TARGET_Z0, value: 75.000000000000000
	Constraint added. Name: ER_FREQ, value: 1000000.000000000000000
	Skip add constraint (name: LOSS_TAN) - default value: 0.020000000000000
	Skip add constraint (name: LOSS_TAN_FREQ) - default value: 1000000000.000000000000000
	Constraint added. Name: BULK_RES, value: 0.000000016700000
	Constraint added. Name: TEMP_COEF, value: 0.003930000000000
	Constraint added. Name: ZZ_WIDTH, value: 152400.000000000000000
	Constraint added. Name: GAP, value: 86360.000000000000000
	Constraint added. Name: LAYER_PAIR, value: 10
	Skip add constraint (name: LAYER_ENABLED) - default value: TRUE
	Constraint added. Name: LAYER_DIFFPAIR, value: 1
	Skip add constraint (name: DIRECTIONAL_BIAS) - default value: HORIZONTAL
	Skip add constraint (name: POUR_DRAW_STYLE) - default value: None
	Constraint added. Name: THERMAL_COND, value: 393.692999999999980
	Skip add constraint (name: ATTACHED_DIELECTRIC) - default value: None
	Constraint added. Name: LAYER_PROCESS, value: Electrodeposit
	Constraint added. Name: LAYER_TREATED_SIDE, value: None
	Constraint added. Name: LAYER_NARROW_SIDE, value: Top
	Constraint added. Name: LAYER_ROUGHNESS_TOP, value: 381
	Constraint added. Name: LAYER_ROUGHNESS_BOTTOM, value: 381
	Constraint added. Name: LAYER_ETCH_FACTOR, value: 0.741
	Layer 'DIELECTRIC_01' added.
	Constraint added. Name: LAYER_DESC, value: Core / Prepreg
	Constraint added. Name: LAYER_USAGE, value: Substrate
	Constraint added. Name: LAYER_TECH, value: Prepreg
	Constraint added. Name: HEIGHT, value: 60000.000000000000000
	Constraint added. Name: DIELCONST, value: 4.200000000000000
	Constraint added. Name: ER_FREQ, value: 1000000.000000000000000
	Skip add constraint (name: LOSS_TAN) - default value: 0.020000000000000
	Skip add constraint (name: LOSS_TAN_FREQ) - default value: 1000000000.000000000000000
	Constraint added. Name: THERMAL_COND, value: 0.300000000000000
	Skip add constraint (name: ATTACHED_DIELECTRIC) - default value: None
	Layer 'DIELECTRIC_02' added.
	Constraint added. Name: LAYER_DESC, value: Core/Prepreg
	Constraint added. Name: LAYER_USAGE, value: Substrate
	Constraint added. Name: LAYER_TECH, value: Prepreg
	Constraint added. Name: HEIGHT, value: 60000.000000000000000
	Constraint added. Name: DIELCONST, value: 4.200000000000000
	Constraint added. Name: ER_FREQ, value: 1000000.000000000000000
	Skip add constraint (name: LOSS_TAN) - default value: 0.020000000000000
	Constraint added. Name: LOSS_TAN_FREQ, value: 1000000.000000000000000
	Constraint added. Name: THERMAL_COND, value: 0.300000000000000
	Skip add constraint (name: ATTACHED_DIELECTRIC) - default value: None
	Layer 'Layer_02' added.
	Constraint added. Name: LAYER_DESC, value: Plane
	Constraint added. Name: LAYER_USAGE, value: Plane
	Constraint added. Name: LAYER_COLOR, value: 65280
	Constraint added. Name: HEIGHT, value: 35000.000000000000000
	Constraint added. Name: DIELCONST, value: 4.300000000000000
	Constraint added. Name: CONDUCTOR, value: Copper
	Constraint added. Name: ER_FREQ, value: 1000000.000000000000000
	Skip add constraint (name: LOSS_TAN) - default value: 0.020000000000000
	Constraint added. Name: LOSS_TAN_FREQ, value: 1000000.000000000000000
	Constraint added. Name: BULK_RES, value: 0.000000017240000
	Constraint added. Name: TEMP_COEF, value: 0.003930000000000
	Constraint added. Name: LAYER_PAIR, value: 9
	Constraint added. Name: LAYER_DIFFPAIR, value: 2
	Constraint added. Name: PLANE_TYPE, value: Positive
	Constraint added. Name: PLANE_NETS, value: (Net0)
	Constraint added. Name: PNET_CLEARANCES, value: 0.000000000000000
	Constraint added. Name: PNET_UBORDERS, value: 0
	Skip add constraint (name: POUR_DRAW_STYLE) - default value: None
	Constraint added. Name: THERMAL_COND, value: 393.692999999999980
	Skip add constraint (name: ATTACHED_DIELECTRIC) - default value: None
	Constraint added. Name: LAYER_PROCESS, value: Electrodeposit
	Constraint added. Name: LAYER_TREATED_SIDE, value: None
	Constraint added. Name: LAYER_ROUGHNESS_TOP, value: 381.000000000000000
	Constraint added. Name: LAYER_ROUGHNESS_BOTTOM, value: 381.000000000000000
	Layer 'CORE_01' added.
	Constraint added. Name: LAYER_DESC, value: Core/Prepreg
	Constraint added. Name: LAYER_USAGE, value: Substrate
	Constraint added. Name: LAYER_TECH, value: Prepreg
	Constraint added. Name: HEIGHT, value: 200000.000000000000000
	Constraint added. Name: DIELCONST, value: 4.200000000000000
	Constraint added. Name: ER_FREQ, value: 1000000.000000000000000
	Skip add constraint (name: LOSS_TAN) - default value: 0.020000000000000
	Constraint added. Name: LOSS_TAN_FREQ, value: 1000000.000000000000000
	Constraint added. Name: THERMAL_COND, value: 0.300000000000000
	Skip add constraint (name: ATTACHED_DIELECTRIC) - default value: None
	Layer 'Layer_03' added.
	Constraint added. Name: LAYER_DESC, value: Stripline
	Constraint added. Name: LAYER_USAGE, value: Mixed
	Constraint added. Name: LAYER_COLOR, value: 65535
	Constraint added. Name: HEIGHT, value: 35000.000000000000000
	Constraint added. Name: DIELCONST, value: 4.300000000000000
	Constraint added. Name: CONDUCTOR, value: Copper
	Constraint added. Name: TRACE_WIDTH, value: 254000.000000000000000
	Constraint added. Name: TARGET_Z0, value: 75.000000000000000
	Constraint added. Name: ER_FREQ, value: 1000000.000000000000000
	Skip add constraint (name: LOSS_TAN) - default value: 0.020000000000000
	Constraint added. Name: LOSS_TAN_FREQ, value: 1000000.000000000000000
	Constraint added. Name: BULK_RES, value: 0.000000017240000
	Constraint added. Name: TEMP_COEF, value: 0.003930000000000
	Constraint added. Name: ZZ_WIDTH, value: 254000.000000000000000
	Constraint added. Name: GAP, value: 203200.000000000000000
	Constraint added. Name: LAYER_PAIR, value: 8
	Constraint added. Name: LAYER_DIFFPAIR, value: 3
	Constraint added. Name: PLANE_TYPE, value: Positive
	Constraint added. Name: PLANE_NETS, value: (Net0)
	Constraint added. Name: PNET_CLEARANCES, value: 0.000000000000000
	Constraint added. Name: PNET_UBORDERS, value: 0
	Skip add constraint (name: POUR_DRAW_STYLE) - default value: None
	Constraint added. Name: THERMAL_COND, value: 393.692999999999980
	Skip add constraint (name: ATTACHED_DIELECTRIC) - default value: None
	Constraint added. Name: LAYER_PROCESS, value: Electrodeposit
	Constraint added. Name: LAYER_TREATED_SIDE, value: None
	Constraint added. Name: LAYER_NARROW_SIDE, value: Top
	Constraint added. Name: LAYER_ROUGHNESS_TOP, value: 381.000000000000000
	Constraint added. Name: LAYER_ROUGHNESS_BOTTOM, value: 381.000000000000000
	Constraint added. Name: LAYER_ETCH_FACTOR, value: 0.741000000000000
	Layer 'Layer_Bottom' added.
	Constraint added. Name: LAYER_DESC, value: Microstrip
	Constraint added. Name: LAYER_USAGE, value: Signal
	Constraint added. Name: LAYER_COLOR, value: 255
	Constraint added. Name: HEIGHT, value: 18000.000000000000000
	Skip add constraint (name: DIELCONST) - default value: 1.000000000000000
	Constraint added. Name: CONDUCTOR, value: Custom
	Constraint added. Name: TRACE_WIDTH, value: 152400.000000000000000
	Constraint added. Name: TARGET_Z0, value: 75.000000000000000
	Constraint added. Name: ER_FREQ, value: 1000000.000000000000000
	Skip add constraint (name: LOSS_TAN) - default value: 0.020000000000000
	Skip add constraint (name: LOSS_TAN_FREQ) - default value: 1000000000.000000000000000
	Constraint added. Name: BULK_RES, value: 0.000000016700000
	Constraint added. Name: TEMP_COEF, value: 0.003930000000000
	Constraint added. Name: ZZ_WIDTH, value: 152400.000000000000000
	Constraint added. Name: GAP, value: 86360.000000000000000
	Constraint added. Name: LAYER_PAIR, value: 1
	Skip add constraint (name: LAYER_ENABLED) - default value: TRUE
	Constraint added. Name: LAYER_DIFFPAIR, value: 10
	Constraint added. Name: DIRECTIONAL_BIAS, value: VERTICAL
	Skip add constraint (name: POUR_DRAW_STYLE) - default value: None
	Constraint added. Name: THERMAL_COND, value: 393.692999999999980
	Skip add constraint (name: ATTACHED_DIELECTRIC) - default value: None
	Constraint added. Name: LAYER_PROCESS, value: Electrodeposit
	Constraint added. Name: LAYER_TREATED_SIDE, value: None
	Constraint added. Name: LAYER_NARROW_SIDE, value: Top
	Constraint added. Name: LAYER_ROUGHNESS_TOP, value: 381
	Constraint added. Name: LAYER_ROUGHNESS_BOTTOM, value: 381
	Constraint added. Name: LAYER_ETCH_FACTOR, value: 0.741
	Layer 'Soldermask_Bottom' added.
	Constraint added. Name: LAYER_DESC, value: Solder Mask
	Constraint added. Name: LAYER_USAGE, value: Soldermask
	Constraint added. Name: HEIGHT, value: 25000.000000000000000
	Constraint added. Name: DIELCONST, value: 4.000000000000000
	Constraint added. Name: ER_FREQ, value: 1000000.000000000000000
	Skip add constraint (name: LOSS_TAN) - default value: 0.020000000000000
	Skip add constraint (name: LOSS_TAN_FREQ) - default value: 1000000000.000000000000000
	Constraint added. Name: THERMAL_COND, value: 0.300000000000000
	Skip add constraint (name: ATTACHED_DIELECTRIC) - default value: None
	Layer 'DIELECTRIC_04' added.
	Constraint added. Name: LAYER_DESC, value: Core/Prepreg
	Constraint added. Name: LAYER_USAGE, value: Substrate
	Constraint added. Name: LAYER_TECH, value: Prepreg
	Constraint added. Name: HEIGHT, value: 60000.000000000000000
	Constraint added. Name: DIELCONST, value: 4.200000000000000
	Constraint added. Name: ER_FREQ, value: 1000000.000000000000000
	Skip add constraint (name: LOSS_TAN) - default value: 0.020000000000000
	Constraint added. Name: LOSS_TAN_FREQ, value: 1000000.000000000000000
	Constraint added. Name: THERMAL_COND, value: 0.300000000000000
	Skip add constraint (name: ATTACHED_DIELECTRIC) - default value: None
	Layer 'DIELECTRIC_05' added.
	Constraint added. Name: LAYER_DESC, value: Core/Prepreg
	Constraint added. Name: LAYER_USAGE, value: Substrate
	Constraint added. Name: LAYER_TECH, value: Prepreg
	Constraint added. Name: HEIGHT, value: 60000.000000000000000
	Constraint added. Name: DIELCONST, value: 4.200000000000000
	Constraint added. Name: ER_FREQ, value: 1000000.000000000000000
	Skip add constraint (name: LOSS_TAN) - default value: 0.020000000000000
	Constraint added. Name: LOSS_TAN_FREQ, value: 1000000.000000000000000
	Constraint added. Name: THERMAL_COND, value: 0.300000000000000
	Skip add constraint (name: ATTACHED_DIELECTRIC) - default value: None
	Layer 'DIELECTRIC_08' added.
	Constraint added. Name: LAYER_DESC, value: Core/Prepreg
	Constraint added. Name: LAYER_USAGE, value: Substrate
	Constraint added. Name: LAYER_TECH, value: Prepreg
	Constraint added. Name: HEIGHT, value: 60000.000000000000000
	Constraint added. Name: DIELCONST, value: 4.200000000000000
	Constraint added. Name: ER_FREQ, value: 1000000.000000000000000
	Skip add constraint (name: LOSS_TAN) - default value: 0.020000000000000
	Constraint added. Name: LOSS_TAN_FREQ, value: 1000000.000000000000000
	Constraint added. Name: THERMAL_COND, value: 0.300000000000000
	Skip add constraint (name: ATTACHED_DIELECTRIC) - default value: None
	Layer 'Layer_04' added.
	Constraint added. Name: LAYER_DESC, value: Plane
	Constraint added. Name: LAYER_USAGE, value: Plane
	Constraint added. Name: LAYER_COLOR, value: 16711935
	Constraint added. Name: HEIGHT, value: 35000.000000000000000
	Constraint added. Name: DIELCONST, value: 4.300000000000000
	Constraint added. Name: CONDUCTOR, value: Copper
	Constraint added. Name: TRACE_WIDTH, value: 254000.000000000000000
	Constraint added. Name: TARGET_Z0, value: 75.000000000000000
	Constraint added. Name: ER_FREQ, value: 1000000.000000000000000
	Skip add constraint (name: LOSS_TAN) - default value: 0.020000000000000
	Constraint added. Name: LOSS_TAN_FREQ, value: 1000000.000000000000000
	Constraint added. Name: BULK_RES, value: 0.000000017240000
	Constraint added. Name: TEMP_COEF, value: 0.003930000000000
	Constraint added. Name: ZZ_WIDTH, value: 254000.000000000000000
	Constraint added. Name: GAP, value: 203200.000000000000000
	Constraint added. Name: LAYER_PAIR, value: 7
	Constraint added. Name: LAYER_DIFFPAIR, value: 4
	Constraint added. Name: PLANE_TYPE, value: Positive
	Constraint added. Name: PLANE_NETS, value: (Net0)
	Constraint added. Name: PNET_CLEARANCES, value: 0.000000000000000
	Constraint added. Name: PNET_UBORDERS, value: 0
	Skip add constraint (name: POUR_DRAW_STYLE) - default value: None
	Constraint added. Name: THERMAL_COND, value: 393.692999999999980
	Skip add constraint (name: ATTACHED_DIELECTRIC) - default value: None
	Constraint added. Name: LAYER_PROCESS, value: Electrodeposit
	Constraint added. Name: LAYER_TREATED_SIDE, value: None
	Constraint added. Name: LAYER_ROUGHNESS_TOP, value: 381.000000000000000
	Constraint added. Name: LAYER_ROUGHNESS_BOTTOM, value: 381.000000000000000
	Layer 'CORE_03' added.
	Constraint added. Name: LAYER_DESC, value: Core/Prepreg
	Constraint added. Name: LAYER_USAGE, value: Substrate
	Constraint added. Name: LAYER_TECH, value: Prepreg
	Constraint added. Name: HEIGHT, value: 200000.000000000000000
	Constraint added. Name: DIELCONST, value: 4.200000000000000
	Constraint added. Name: ER_FREQ, value: 1000000.000000000000000
	Skip add constraint (name: LOSS_TAN) - default value: 0.020000000000000
	Constraint added. Name: LOSS_TAN_FREQ, value: 1000000.000000000000000
	Constraint added. Name: THERMAL_COND, value: 0.300000000000000
	Skip add constraint (name: ATTACHED_DIELECTRIC) - default value: None
	Layer 'Layer_07' added.
	Constraint added. Name: LAYER_DESC, value: Plane
	Constraint added. Name: LAYER_USAGE, value: Plane
	Constraint added. Name: LAYER_COLOR, value: 16776960
	Constraint added. Name: HEIGHT, value: 35000.000000000000000
	Constraint added. Name: DIELCONST, value: 4.300000000000000
	Constraint added. Name: CONDUCTOR, value: Copper
	Constraint added. Name: ER_FREQ, value: 1000000.000000000000000
	Skip add constraint (name: LOSS_TAN) - default value: 0.020000000000000
	Constraint added. Name: LOSS_TAN_FREQ, value: 1000000.000000000000000
	Constraint added. Name: BULK_RES, value: 0.000000017240000
	Constraint added. Name: TEMP_COEF, value: 0.003930000000000
	Constraint added. Name: LAYER_PAIR, value: 4
	Constraint added. Name: LAYER_DIFFPAIR, value: 7
	Constraint added. Name: PLANE_TYPE, value: Positive
	Constraint added. Name: PLANE_NETS, value: (Net0)
	Constraint added. Name: PNET_CLEARANCES, value: 0.000000000000000
	Constraint added. Name: PNET_UBORDERS, value: 0
	Skip add constraint (name: POUR_DRAW_STYLE) - default value: None
	Constraint added. Name: THERMAL_COND, value: 393.692999999999980
	Skip add constraint (name: ATTACHED_DIELECTRIC) - default value: None
	Constraint added. Name: LAYER_PROCESS, value: Electrodeposit
	Constraint added. Name: LAYER_TREATED_SIDE, value: None
	Constraint added. Name: LAYER_ROUGHNESS_TOP, value: 381.000000000000000
	Constraint added. Name: LAYER_ROUGHNESS_BOTTOM, value: 381.000000000000000
	Layer 'CORE_04' added.
	Constraint added. Name: LAYER_DESC, value: Core/Prepreg
	Constraint added. Name: LAYER_USAGE, value: Substrate
	Constraint added. Name: LAYER_TECH, value: Prepreg
	Constraint added. Name: HEIGHT, value: 200000.000000000000000
	Constraint added. Name: DIELCONST, value: 4.200000000000000
	Constraint added. Name: ER_FREQ, value: 1000000.000000000000000
	Skip add constraint (name: LOSS_TAN) - default value: 0.020000000000000
	Constraint added. Name: LOSS_TAN_FREQ, value: 1000000.000000000000000
	Constraint added. Name: THERMAL_COND, value: 0.300000000000000
	Skip add constraint (name: ATTACHED_DIELECTRIC) - default value: None
	Layer 'DIELECTRIC_13' added.
	Constraint added. Name: LAYER_DESC, value: Core/Prepreg
	Constraint added. Name: LAYER_USAGE, value: Substrate
	Constraint added. Name: LAYER_TECH, value: Prepreg
	Constraint added. Name: HEIGHT, value: 60000.000000000000000
	Constraint added. Name: DIELCONST, value: 4.200000000000000
	Constraint added. Name: ER_FREQ, value: 1000000.000000000000000
	Skip add constraint (name: LOSS_TAN) - default value: 0.020000000000000
	Constraint added. Name: LOSS_TAN_FREQ, value: 1000000.000000000000000
	Constraint added. Name: THERMAL_COND, value: 0.300000000000000
	Skip add constraint (name: ATTACHED_DIELECTRIC) - default value: None
	Layer 'CORE_02' added.
	Constraint added. Name: LAYER_DESC, value: Core/Prepreg
	Constraint added. Name: LAYER_USAGE, value: Substrate
	Constraint added. Name: LAYER_TECH, value: Prepreg
	Constraint added. Name: HEIGHT, value: 200000.000000000000000
	Constraint added. Name: DIELCONST, value: 4.200000000000000
	Constraint added. Name: ER_FREQ, value: 1000000.000000000000000
	Skip add constraint (name: LOSS_TAN) - default value: 0.020000000000000
	Constraint added. Name: LOSS_TAN_FREQ, value: 1000000.000000000000000
	Constraint added. Name: THERMAL_COND, value: 0.300000000000000
	Skip add constraint (name: ATTACHED_DIELECTRIC) - default value: None
	Layer 'Layer_05' added.
	Constraint added. Name: LAYER_DESC, value: Stripline
	Constraint added. Name: LAYER_USAGE, value: Mixed
	Constraint added. Name: LAYER_COLOR, value: 128
	Constraint added. Name: HEIGHT, value: 35000.000000000000000
	Constraint added. Name: DIELCONST, value: 4.300000000000000
	Constraint added. Name: CONDUCTOR, value: Copper
	Constraint added. Name: TRACE_WIDTH, value: 254000.000000000000000
	Constraint added. Name: TARGET_Z0, value: 75.000000000000000
	Constraint added. Name: ER_FREQ, value: 1000000.000000000000000
	Skip add constraint (name: LOSS_TAN) - default value: 0.020000000000000
	Constraint added. Name: LOSS_TAN_FREQ, value: 1000000.000000000000000
	Constraint added. Name: BULK_RES, value: 0.000000017240000
	Constraint added. Name: TEMP_COEF, value: 0.003930000000000
	Constraint added. Name: ZZ_WIDTH, value: 254000.000000000000000
	Constraint added. Name: GAP, value: 203200.000000000000000
	Constraint added. Name: LAYER_PAIR, value: 6
	Constraint added. Name: LAYER_DIFFPAIR, value: 5
	Skip add constraint (name: POUR_DRAW_STYLE) - default value: None
	Constraint added. Name: THERMAL_COND, value: 393.692999999999980
	Skip add constraint (name: ATTACHED_DIELECTRIC) - default value: None
	Constraint added. Name: LAYER_PROCESS, value: Electrodeposit
	Constraint added. Name: LAYER_TREATED_SIDE, value: None
	Constraint added. Name: LAYER_NARROW_SIDE, value: Top
	Constraint added. Name: LAYER_ROUGHNESS_TOP, value: 381.000000000000000
	Constraint added. Name: LAYER_ROUGHNESS_BOTTOM, value: 381.000000000000000
	Constraint added. Name: LAYER_ETCH_FACTOR, value: 0.741000000000000
	Layer 'DIELECTRIC_07' added.
	Constraint added. Name: LAYER_DESC, value: Core/Prepreg
	Constraint added. Name: LAYER_USAGE, value: Substrate
	Constraint added. Name: LAYER_TECH, value: Prepreg
	Constraint added. Name: HEIGHT, value: 60000.000000000000000
	Constraint added. Name: DIELCONST, value: 4.200000000000000
	Constraint added. Name: ER_FREQ, value: 1000000.000000000000000
	Skip add constraint (name: LOSS_TAN) - default value: 0.020000000000000
	Constraint added. Name: LOSS_TAN_FREQ, value: 1000000.000000000000000
	Constraint added. Name: THERMAL_COND, value: 0.300000000000000
	Skip add constraint (name: ATTACHED_DIELECTRIC) - default value: None
	Layer 'Layer_06' added.
	Constraint added. Name: LAYER_DESC, value: Stripline
	Constraint added. Name: LAYER_USAGE, value: Mixed
	Constraint added. Name: LAYER_COLOR, value: 32896
	Constraint added. Name: HEIGHT, value: 35000.000000000000000
	Constraint added. Name: DIELCONST, value: 4.300000000000000
	Constraint added. Name: CONDUCTOR, value: Copper
	Constraint added. Name: TRACE_WIDTH, value: 254000.000000000000000
	Constraint added. Name: TARGET_Z0, value: 75.000000000000000
	Constraint added. Name: ER_FREQ, value: 1000000.000000000000000
	Skip add constraint (name: LOSS_TAN) - default value: 0.020000000000000
	Constraint added. Name: LOSS_TAN_FREQ, value: 1000000.000000000000000
	Constraint added. Name: BULK_RES, value: 0.000000017240000
	Constraint added. Name: TEMP_COEF, value: 0.003930000000000
	Constraint added. Name: ZZ_WIDTH, value: 254000.000000000000000
	Constraint added. Name: GAP, value: 203200.000000000000000
	Constraint added. Name: LAYER_PAIR, value: 5
	Constraint added. Name: LAYER_DIFFPAIR, value: 6
	Constraint added. Name: PLANE_TYPE, value: Positive
	Constraint added. Name: PLANE_NETS, value: (Net0)
	Constraint added. Name: PNET_CLEARANCES, value: 0.000000000000000
	Constraint added. Name: PNET_UBORDERS, value: 0
	Skip add constraint (name: POUR_DRAW_STYLE) - default value: None
	Constraint added. Name: THERMAL_COND, value: 393.692999999999980
	Skip add constraint (name: ATTACHED_DIELECTRIC) - default value: None
	Constraint added. Name: LAYER_PROCESS, value: Electrodeposit
	Constraint added. Name: LAYER_TREATED_SIDE, value: None
	Constraint added. Name: LAYER_NARROW_SIDE, value: Top
	Constraint added. Name: LAYER_ROUGHNESS_TOP, value: 381.000000000000000
	Constraint added. Name: LAYER_ROUGHNESS_BOTTOM, value: 381.000000000000000
	Constraint added. Name: LAYER_ETCH_FACTOR, value: 0.741000000000000
	Layer 'DIELECTRIC_10' added.
	Constraint added. Name: LAYER_DESC, value: Core/Prepreg
	Constraint added. Name: LAYER_USAGE, value: Substrate
	Constraint added. Name: LAYER_TECH, value: Prepreg
	Constraint added. Name: HEIGHT, value: 60000.000000000000000
	Constraint added. Name: DIELCONST, value: 4.200000000000000
	Constraint added. Name: ER_FREQ, value: 1000000.000000000000000
	Skip add constraint (name: LOSS_TAN) - default value: 0.020000000000000
	Constraint added. Name: LOSS_TAN_FREQ, value: 1000000.000000000000000
	Constraint added. Name: THERMAL_COND, value: 0.300000000000000
	Skip add constraint (name: ATTACHED_DIELECTRIC) - default value: None
	Layer 'DIELECTRIC_11' added.
	Constraint added. Name: LAYER_DESC, value: Core/Prepreg
	Constraint added. Name: LAYER_USAGE, value: Substrate
	Constraint added. Name: LAYER_TECH, value: Prepreg
	Constraint added. Name: HEIGHT, value: 60000.000000000000000
	Constraint added. Name: DIELCONST, value: 4.200000000000000
	Constraint added. Name: ER_FREQ, value: 1000000.000000000000000
	Skip add constraint (name: LOSS_TAN) - default value: 0.020000000000000
	Constraint added. Name: LOSS_TAN_FREQ, value: 1000000.000000000000000
	Constraint added. Name: THERMAL_COND, value: 0.300000000000000
	Skip add constraint (name: ATTACHED_DIELECTRIC) - default value: None
	Layer 'Layer_08' added.
	Constraint added. Name: LAYER_DESC, value: Stripline
	Constraint added. Name: LAYER_USAGE, value: Mixed
	Constraint added. Name: LAYER_COLOR, value: 32768
	Constraint added. Name: HEIGHT, value: 35000.000000000000000
	Constraint added. Name: DIELCONST, value: 4.300000000000000
	Constraint added. Name: CONDUCTOR, value: Copper
	Constraint added. Name: TRACE_WIDTH, value: 254000.000000000000000
	Constraint added. Name: TARGET_Z0, value: 75.000000000000000
	Constraint added. Name: ER_FREQ, value: 1000000.000000000000000
	Skip add constraint (name: LOSS_TAN) - default value: 0.020000000000000
	Constraint added. Name: LOSS_TAN_FREQ, value: 1000000.000000000000000
	Constraint added. Name: BULK_RES, value: 0.000000017240000
	Constraint added. Name: TEMP_COEF, value: 0.003930000000000
	Constraint added. Name: ZZ_WIDTH, value: 254000.000000000000000
	Constraint added. Name: GAP, value: 203200.000000000000000
	Constraint added. Name: LAYER_PAIR, value: 3
	Constraint added. Name: LAYER_DIFFPAIR, value: 8
	Skip add constraint (name: POUR_DRAW_STYLE) - default value: None
	Constraint added. Name: THERMAL_COND, value: 393.692999999999980
	Skip add constraint (name: ATTACHED_DIELECTRIC) - default value: None
	Constraint added. Name: LAYER_PROCESS, value: Electrodeposit
	Constraint added. Name: LAYER_TREATED_SIDE, value: None
	Constraint added. Name: LAYER_NARROW_SIDE, value: Top
	Constraint added. Name: LAYER_ROUGHNESS_TOP, value: 381.000000000000000
	Constraint added. Name: LAYER_ROUGHNESS_BOTTOM, value: 381.000000000000000
	Constraint added. Name: LAYER_ETCH_FACTOR, value: 0.741000000000000
	Layer 'Layer_09' added.
	Constraint added. Name: LAYER_DESC, value: Plane
	Constraint added. Name: LAYER_USAGE, value: Plane
	Constraint added. Name: LAYER_COLOR, value: 8388608
	Constraint added. Name: HEIGHT, value: 35000.000000000000000
	Constraint added. Name: DIELCONST, value: 4.300000000000000
	Constraint added. Name: CONDUCTOR, value: Copper
	Constraint added. Name: ER_FREQ, value: 1000000.000000000000000
	Skip add constraint (name: LOSS_TAN) - default value: 0.020000000000000
	Constraint added. Name: LOSS_TAN_FREQ, value: 1000000.000000000000000
	Constraint added. Name: BULK_RES, value: 0.000000017240000
	Constraint added. Name: TEMP_COEF, value: 0.003930000000000
	Constraint added. Name: LAYER_PAIR, value: 2
	Constraint added. Name: LAYER_DIFFPAIR, value: 9
	Constraint added. Name: PLANE_TYPE, value: Positive
	Constraint added. Name: PLANE_NETS, value: (Net0)
	Constraint added. Name: PNET_CLEARANCES, value: 0.000000000000000
	Constraint added. Name: PNET_UBORDERS, value: 0
	Skip add constraint (name: POUR_DRAW_STYLE) - default value: None
	Constraint added. Name: THERMAL_COND, value: 393.692999999999980
	Skip add constraint (name: ATTACHED_DIELECTRIC) - default value: None
	Constraint added. Name: LAYER_PROCESS, value: Electrodeposit
	Constraint added. Name: LAYER_TREATED_SIDE, value: None
	Constraint added. Name: LAYER_ROUGHNESS_TOP, value: 381.000000000000000
	Constraint added. Name: LAYER_ROUGHNESS_BOTTOM, value: 381.000000000000000
	Layer 'DIELECTRIC_14' added.
	Constraint added. Name: LAYER_DESC, value: Core/Prepreg
	Constraint added. Name: LAYER_USAGE, value: Substrate
	Constraint added. Name: LAYER_TECH, value: Prepreg
	Constraint added. Name: HEIGHT, value: 60000.000000000000000
	Constraint added. Name: DIELCONST, value: 4.200000000000000
	Constraint added. Name: ER_FREQ, value: 1000000.000000000000000
	Skip add constraint (name: LOSS_TAN) - default value: 0.020000000000000
	Constraint added. Name: LOSS_TAN_FREQ, value: 1000000.000000000000000
	Constraint added. Name: THERMAL_COND, value: 0.300000000000000
	Skip add constraint (name: ATTACHED_DIELECTRIC) - default value: None
Layers imported (time: 39ms, 0s)
Importing clearance rules ...
Clearance rules imported (time: 0ms, 0s)
Importing net classes ...
Net classes imported (time: 1ms, 0s)
Importing vias ...
	Via '026VIA' added.
	Via '23th via pad' added.
	Via '35th via pad' added.
Vias imported (time: 0ms, 0s)
Importing via spans ...
	Via span 'Through' added.
	Constraint added. Name: DEFAULT_VIA, value: 026VIA
Via spans imported (time: 1ms, 0s)
Importing schemes ...
Copying net class from (Master)/(Default) to (Master)/(Default)
	Copy data from layer Layer_Top to Layer_Top
	Skip add constraint (name: ROUTE) - default value: 1
	Skip add constraint (name: MIN_TRACE_WIDTH) - default value: 254000.000000000000000
	Skip add constraint (name: TYP_TRACE_WIDTH) - default value: 254000.000000000000000
	Skip add constraint (name: EXP_TRACE_WIDTH) - default value: 254000.000000000000000
	Constraint added. Name: TYP_IMPEDANCE, value: 50.000000000000000
	Skip add constraint (name: DIFF_SPACING) - default value: 254000.000000000000000
	Copy data from layer Layer_02 to Layer_02
	Copy data from layer Layer_03 to Layer_03
	Copy data from layer Layer_Bottom to Layer_Bottom
	Skip add constraint (name: ROUTE) - default value: 1
	Skip add constraint (name: MIN_TRACE_WIDTH) - default value: 254000.000000000000000
	Skip add constraint (name: TYP_TRACE_WIDTH) - default value: 254000.000000000000000
	Skip add constraint (name: EXP_TRACE_WIDTH) - default value: 254000.000000000000000
	Constraint added. Name: TYP_IMPEDANCE, value: 50.000000000000000
	Skip add constraint (name: DIFF_SPACING) - default value: 254000.000000000000000
	Copy data from layer Layer_04 to Layer_04
	Copy data from layer Layer_07 to Layer_07
	Copy data from layer Layer_05 to Layer_05
	Copy data from layer Layer_06 to Layer_06
	Copy data from layer Layer_08 to Layer_08
	Copy data from layer Layer_09 to Layer_09
Copying clear rule from (Master)/(Default Rule) to (Master)/(Default Rule)
	Skip add constraint (name: TRACE_TO_TRACE) - default value: 254000.000000000000000
	Skip add constraint (name: TRACE_TO_PAD) - default value: 254000.000000000000000
	Skip add constraint (name: TRACE_TO_VIA) - default value: 254000.000000000000000
	Skip add constraint (name: TRACE_TO_PLANE) - default value: 254000.000000000000000
	Skip add constraint (name: SMDPAD_TO_TRACE) - default value: 254000.000000000000000
	Skip add constraint (name: PAD_TO_PAD) - default value: 254000.000000000000000
	Skip add constraint (name: PAD_TO_VIA) - default value: 254000.000000000000000
	Skip add constraint (name: PAD_TO_PLANE) - default value: 254000.000000000000000
	Skip add constraint (name: VIA_TO_VIA) - default value: 254000.000000000000000
	Skip add constraint (name: VIA_TO_PLANE) - default value: 254000.000000000000000
	Skip add constraint (name: SMDPAD_TO_VIA) - default value: 254000.000000000000000
	Skip add constraint (name: PLANE_TO_PLANE) - default value: 254000.000000000000000
	Skip add constraint (name: RESISTOR_TO_TRACE) - default value: 254000.000000000000000
	Skip add constraint (name: RESISTOR_TO_PAD) - default value: 254000.000000000000000
	Skip add constraint (name: RESISTOR_TO_VIA) - default value: 254000.000000000000000
	Skip add constraint (name: RESISTOR_TO_RESISTOR) - default value: 254000.000000000000000
	Skip add constraint (name: MASK_TO_TRACE) - default value: 254000.000000000000000
	Skip add constraint (name: MASK_TO_PAD) - default value: 254000.000000000000000
	Skip add constraint (name: MASK_TO_VIA) - default value: 254000.000000000000000
	Skip add constraint (name: MASK_TO_RESISTOR) - default value: 254000.000000000000000
	Skip add constraint (name: TRACE_TO_TRACE) - default value: 254000.000000000000000
	Skip add constraint (name: TRACE_TO_PAD) - default value: 254000.000000000000000
	Skip add constraint (name: TRACE_TO_VIA) - default value: 254000.000000000000000
	Skip add constraint (name: TRACE_TO_PLANE) - default value: 254000.000000000000000
	Skip add constraint (name: SMDPAD_TO_TRACE) - default value: 254000.000000000000000
	Skip add constraint (name: PAD_TO_PAD) - default value: 254000.000000000000000
	Skip add constraint (name: PAD_TO_VIA) - default value: 254000.000000000000000
	Skip add constraint (name: PAD_TO_PLANE) - default value: 254000.000000000000000
	Skip add constraint (name: VIA_TO_VIA) - default value: 254000.000000000000000
	Skip add constraint (name: VIA_TO_PLANE) - default value: 254000.000000000000000
	Skip add constraint (name: SMDPAD_TO_VIA) - default value: 254000.000000000000000
	Skip add constraint (name: PLANE_TO_PLANE) - default value: 254000.000000000000000
	Skip add constraint (name: RESISTOR_TO_TRACE) - default value: 254000.000000000000000
	Skip add constraint (name: RESISTOR_TO_PAD) - default value: 254000.000000000000000
	Skip add constraint (name: RESISTOR_TO_VIA) - default value: 254000.000000000000000
	Skip add constraint (name: RESISTOR_TO_RESISTOR) - default value: 254000.000000000000000
	Skip add constraint (name: MASK_TO_TRACE) - default value: 254000.000000000000000
	Skip add constraint (name: MASK_TO_PAD) - default value: 254000.000000000000000
	Skip add constraint (name: MASK_TO_VIA) - default value: 254000.000000000000000
	Skip add constraint (name: MASK_TO_RESISTOR) - default value: 254000.000000000000000
Schemes imported (time: 6ms, 0s)
Importing constraint classes ...
	Constraint class already assigned to net class "(Default)".
Constraint classes imported (time: 1ms, 0s)
Importing part tech ...
Part tech imported (time: 0ms, 0s)
Importing constants & variables ...
Constants & variables imported (time: 0ms, 0s)
Importing Z-Axis clearances rules ...
Importing C2CClearRule ...
	Constraint added. Name: C2C_SCHEME, value: (Master)
	Constraint added. Name: C2C_FRCLASS, value: (All)
	Constraint added. Name: C2C_TOCLASS, value: (All)
	Constraint added. Name: C2C_RULE, value: (Default Rule)
	Skip add constraint (name: C2C_RULE_TYPE) - default value: ClearRule
	Skip add constraint (name: C2C_SCHEME) - the same value: (Master)
	Skip add constraint (name: C2C_FRCLASS) - the same value: (All)
	Skip add constraint (name: C2C_TOCLASS) - the same value: (All)
	Skip add constraint (name: C2C_RULE) - the same value: (Default Rule)
	Constraint added. Name: C2C_SCHEME, value: (Minimum)
	Constraint added. Name: C2C_FRCLASS, value: (All)
	Constraint added. Name: C2C_TOCLASS, value: (All)
	Constraint added. Name: C2C_RULE, value: (Default Rule)
	Skip add constraint (name: C2C_RULE_TYPE) - default value: ClearRule
	Skip add constraint (name: C2C_SCHEME) - the same value: (Minimum)
	Skip add constraint (name: C2C_FRCLASS) - the same value: (All)
	Skip add constraint (name: C2C_TOCLASS) - the same value: (All)
	Skip add constraint (name: C2C_RULE) - the same value: (Default Rule)
C2CClearRule imported (time: 2ms, 0s)
Importing PkgTypeClearRule ...
Importing Pkg2PkgClearRule ...
Importing parallelism rule definitions ...
Parallelism rule definitions imported (time: 0ms, 0s)
Importing noise rules ...
Layout Template imported (time: 51ms, 0s)
Layout template imported.